[  3%] Built target fusion_estimator__cpp
[ 12%] Built target fusion_estimator__rosidl_generator_c
[ 12%] Built target ament_cmake_python_copy_fusion_estimator
[ 30%] Built target fusion_estimator__rosidl_typesupport_fastrtps_cpp
[ 39%] Built target fusion_estimator__rosidl_typesupport_cpp
[ 30%] Built target fusion_estimator__rosidl_typesupport_fastrtps_c
[ 48%] Built target fusion_estimator__rosidl_typesupport_introspection_cpp
[ 57%] Built target fusion_estimator__rosidl_typesupport_introspection_c
[ 66%] Built target fusion_estimator__rosidl_typesupport_c
[ 66%] Built target fusion_estimator
[ 72%] Built target fusion_estimator_node
[ 75%] Built target fusion_estimator__py
[ 81%] Built target fusion_estimator__rosidl_generator_py
[ 93%] Built target fusion_estimator__rosidl_typesupport_introspection_c__pyext
[ 93%] Built target fusion_estimator__rosidl_typesupport_c__pyext
[100%] Built target fusion_estimator__rosidl_typesupport_fastrtps_c__pyext
running egg_info
writing fusion_estimator.egg-info/PKG-INFO
writing dependency_links to fusion_estimator.egg-info/dependency_links.txt
writing top-level names to fusion_estimator.egg-info/top_level.txt
reading manifest file 'fusion_estimator.egg-info/SOURCES.txt'
writing manifest file 'fusion_estimator.egg-info/SOURCES.txt'
[100%] Built target ament_cmake_python_build_fusion_estimator_egg
-- Install configuration: ""
-- Up-to-date: /home/smx/unitree_ros2_250221/unitree_sdk2_ws/install/fusion_estimator/share/ament_index/resource_index/rosidl_interfaces/fusion_estimator
-- Up-to-date: /home/smx/unitree_ros2_250221/unitree_sdk2_ws/install/fusion_estimator/include/fusion_estimator/fusion_estimator
-- Up-to-date: /home/smx/unitree_ros2_250221/unitree_sdk2_ws/install/fusion_estimator/include/fusion_estimator/fusion_estimator/msg
-- Up-to-date: /home/smx/unitree_ros2_250221/unitree_sdk2_ws/install/fusion_estimator/include/fusion_estimator/fusion_estimator/msg/fusion_estimator_test.h
-- Up-to-date: /home/smx/unitree_ros2_250221/unitree_sdk2_ws/install/fusion_estimator/include/fusion_estimator/fusion_estimator/msg/detail
-- Up-to-date: /home/smx/unitree_ros2_250221/unitree_sdk2_ws/install/fusion_estimator/include/fusion_estimator/fusion_estimator/msg/detail/fusion_estimator_test__type_support.h
-- Up-to-date: /home/smx/unitree_ros2_250221/unitree_sdk2_ws/install/fusion_estimator/include/fusion_estimator/fusion_estimator/msg/detail/fusion_estimator_test__struct.h
-- Up-to-date: /home/smx/unitree_ros2_250221/unitree_sdk2_ws/install/fusion_estimator/include/fusion_estimator/fusion_estimator/msg/detail/fusion_estimator_test__functions.h
-- Up-to-date: /home/smx/unitree_ros2_250221/unitree_sdk2_ws/install/fusion_estimator/include/fusion_estimator/fusion_estimator/msg/detail/fusion_estimator_test__functions.c
-- Up-to-date: /home/smx/unitree_ros2_250221/unitree_sdk2_ws/install/fusion_estimator/include/fusion_estimator/fusion_estimator/msg/rosidl_generator_c__visibility_control.h
-- Up-to-date: /home/smx/unitree_ros2_250221/unitree_sdk2_ws/install/fusion_estimator/share/fusion_estimator/environment/library_path.sh
-- Up-to-date: /home/smx/unitree_ros2_250221/unitree_sdk2_ws/install/fusion_estimator/share/fusion_estimator/environment/library_path.dsv
-- Up-to-date: /home/smx/unitree_ros2_250221/unitree_sdk2_ws/install/fusion_estimator/lib/libfusion_estimator__rosidl_generator_c.so
-- Up-to-date: /home/smx/unitree_ros2_250221/unitree_sdk2_ws/install/fusion_estimator/include/fusion_estimator/fusion_estimator
-- Up-to-date: /home/smx/unitree_ros2_250221/unitree_sdk2_ws/install/fusion_estimator/include/fusion_estimator/fusion_estimator/msg
-- Up-to-date: /home/smx/unitree_ros2_250221/unitree_sdk2_ws/install/fusion_estimator/include/fusion_estimator/fusion_estimator/msg/detail
-- Up-to-date: /home/smx/unitree_ros2_250221/unitree_sdk2_ws/install/fusion_estimator/include/fusion_estimator/fusion_estimator/msg/detail/fusion_estimator_test__rosidl_typesupport_fastrtps_c.h
-- Up-to-date: /home/smx/unitree_ros2_250221/unitree_sdk2_ws/install/fusion_estimator/include/fusion_estimator/fusion_estimator/msg/rosidl_typesupport_fastrtps_c__visibility_control.h
-- Up-to-date: /home/smx/unitree_ros2_250221/unitree_sdk2_ws/install/fusion_estimator/lib/libfusion_estimator__rosidl_typesupport_fastrtps_c.so
-- Up-to-date: /home/smx/unitree_ros2_250221/unitree_sdk2_ws/install/fusion_estimator/include/fusion_estimator/fusion_estimator
-- Up-to-date: /home/smx/unitree_ros2_250221/unitree_sdk2_ws/install/fusion_estimator/include/fusion_estimator/fusion_estimator/msg
-- Up-to-date: /home/smx/unitree_ros2_250221/unitree_sdk2_ws/install/fusion_estimator/include/fusion_estimator/fusion_estimator/msg/rosidl_generator_cpp__visibility_control.hpp
-- Up-to-date: /home/smx/unitree_ros2_250221/unitree_sdk2_ws/install/fusion_estimator/include/fusion_estimator/fusion_estimator/msg/detail
-- Up-to-date: /home/smx/unitree_ros2_250221/unitree_sdk2_ws/install/fusion_estimator/include/fusion_estimator/fusion_estimator/msg/detail/fusion_estimator_test__struct.hpp
-- Up-to-date: /home/smx/unitree_ros2_250221/unitree_sdk2_ws/install/fusion_estimator/include/fusion_estimator/fusion_estimator/msg/detail/fusion_estimator_test__builder.hpp
-- Up-to-date: /home/smx/unitree_ros2_250221/unitree_sdk2_ws/install/fusion_estimator/include/fusion_estimator/fusion_estimator/msg/detail/fusion_estimator_test__type_support.hpp
-- Up-to-date: /home/smx/unitree_ros2_250221/unitree_sdk2_ws/install/fusion_estimator/include/fusion_estimator/fusion_estimator/msg/detail/fusion_estimator_test__traits.hpp
-- Up-to-date: /home/smx/unitree_ros2_250221/unitree_sdk2_ws/install/fusion_estimator/include/fusion_estimator/fusion_estimator/msg/fusion_estimator_test.hpp
-- Up-to-date: /home/smx/unitree_ros2_250221/unitree_sdk2_ws/install/fusion_estimator/include/fusion_estimator/fusion_estimator
-- Up-to-date: /home/smx/unitree_ros2_250221/unitree_sdk2_ws/install/fusion_estimator/include/fusion_estimator/fusion_estimator/msg
-- Up-to-date: /home/smx/unitree_ros2_250221/unitree_sdk2_ws/install/fusion_estimator/include/fusion_estimator/fusion_estimator/msg/rosidl_typesupport_fastrtps_cpp__visibility_control.h
-- Up-to-date: /home/smx/unitree_ros2_250221/unitree_sdk2_ws/install/fusion_estimator/include/fusion_estimator/fusion_estimator/msg/detail
-- Up-to-date: /home/smx/unitree_ros2_250221/unitree_sdk2_ws/install/fusion_estimator/include/fusion_estimator/fusion_estimator/msg/detail/fusion_estimator_test__rosidl_typesupport_fastrtps_cpp.hpp
-- Up-to-date: /home/smx/unitree_ros2_250221/unitree_sdk2_ws/install/fusion_estimator/include/fusion_estimator/fusion_estimator/msg/detail/dds_fastrtps
-- Up-to-date: /home/smx/unitree_ros2_250221/unitree_sdk2_ws/install/fusion_estimator/lib/libfusion_estimator__rosidl_typesupport_fastrtps_cpp.so
-- Up-to-date: /home/smx/unitree_ros2_250221/unitree_sdk2_ws/install/fusion_estimator/include/fusion_estimator/fusion_estimator
-- Up-to-date: /home/smx/unitree_ros2_250221/unitree_sdk2_ws/install/fusion_estimator/include/fusion_estimator/fusion_estimator/msg
-- Up-to-date: /home/smx/unitree_ros2_250221/unitree_sdk2_ws/install/fusion_estimator/include/fusion_estimator/fusion_estimator/msg/rosidl_typesupport_introspection_c__visibility_control.h
-- Up-to-date: /home/smx/unitree_ros2_250221/unitree_sdk2_ws/install/fusion_estimator/include/fusion_estimator/fusion_estimator/msg/detail
-- Up-to-date: /home/smx/unitree_ros2_250221/unitree_sdk2_ws/install/fusion_estimator/include/fusion_estimator/fusion_estimator/msg/detail/fusion_estimator_test__rosidl_typesupport_introspection_c.h
-- Up-to-date: /home/smx/unitree_ros2_250221/unitree_sdk2_ws/install/fusion_estimator/include/fusion_estimator/fusion_estimator/msg/detail/fusion_estimator_test__type_support.c
-- Up-to-date: /home/smx/unitree_ros2_250221/unitree_sdk2_ws/install/fusion_estimator/lib/libfusion_estimator__rosidl_typesupport_introspection_c.so
-- Up-to-date: /home/smx/unitree_ros2_250221/unitree_sdk2_ws/install/fusion_estimator/lib/libfusion_estimator__rosidl_typesupport_c.so
-- Up-to-date: /home/smx/unitree_ros2_250221/unitree_sdk2_ws/install/fusion_estimator/include/fusion_estimator/fusion_estimator
-- Up-to-date: /home/smx/unitree_ros2_250221/unitree_sdk2_ws/install/fusion_estimator/include/fusion_estimator/fusion_estimator/msg
-- Up-to-date: /home/smx/unitree_ros2_250221/unitree_sdk2_ws/install/fusion_estimator/include/fusion_estimator/fusion_estimator/msg/detail
-- Up-to-date: /home/smx/unitree_ros2_250221/unitree_sdk2_ws/install/fusion_estimator/include/fusion_estimator/fusion_estimator/msg/detail/fusion_estimator_test__type_support.cpp
-- Up-to-date: /home/smx/unitree_ros2_250221/unitree_sdk2_ws/install/fusion_estimator/include/fusion_estimator/fusion_estimator/msg/detail/fusion_estimator_test__rosidl_typesupport_introspection_cpp.hpp
-- Up-to-date: /home/smx/unitree_ros2_250221/unitree_sdk2_ws/install/fusion_estimator/lib/libfusion_estimator__rosidl_typesupport_introspection_cpp.so
-- Up-to-date: /home/smx/unitree_ros2_250221/unitree_sdk2_ws/install/fusion_estimator/lib/libfusion_estimator__rosidl_typesupport_cpp.so
-- Up-to-date: /home/smx/unitree_ros2_250221/unitree_sdk2_ws/install/fusion_estimator/share/fusion_estimator/environment/pythonpath.sh
-- Up-to-date: /home/smx/unitree_ros2_250221/unitree_sdk2_ws/install/fusion_estimator/share/fusion_estimator/environment/pythonpath.dsv
-- Up-to-date: /home/smx/unitree_ros2_250221/unitree_sdk2_ws/install/fusion_estimator/local/lib/python3.10/dist-packages/fusion_estimator-0.0.0-py3.10.egg-info
-- Installing: /home/smx/unitree_ros2_250221/unitree_sdk2_ws/install/fusion_estimator/local/lib/python3.10/dist-packages/fusion_estimator-0.0.0-py3.10.egg-info/PKG-INFO
-- Installing: /home/smx/unitree_ros2_250221/unitree_sdk2_ws/install/fusion_estimator/local/lib/python3.10/dist-packages/fusion_estimator-0.0.0-py3.10.egg-info/dependency_links.txt
-- Installing: /home/smx/unitree_ros2_250221/unitree_sdk2_ws/install/fusion_estimator/local/lib/python3.10/dist-packages/fusion_estimator-0.0.0-py3.10.egg-info/top_level.txt
-- Installing: /home/smx/unitree_ros2_250221/unitree_sdk2_ws/install/fusion_estimator/local/lib/python3.10/dist-packages/fusion_estimator-0.0.0-py3.10.egg-info/SOURCES.txt
-- Up-to-date: /home/smx/unitree_ros2_250221/unitree_sdk2_ws/install/fusion_estimator/local/lib/python3.10/dist-packages/fusion_estimator
-- Up-to-date: /home/smx/unitree_ros2_250221/unitree_sdk2_ws/install/fusion_estimator/local/lib/python3.10/dist-packages/fusion_estimator/_fusion_estimator_s.ep.rosidl_typesupport_c.c
-- Up-to-date: /home/smx/unitree_ros2_250221/unitree_sdk2_ws/install/fusion_estimator/local/lib/python3.10/dist-packages/fusion_estimator/fusion_estimator_s__rosidl_typesupport_c.cpython-310-x86_64-linux-gnu.so
-- Up-to-date: /home/smx/unitree_ros2_250221/unitree_sdk2_ws/install/fusion_estimator/local/lib/python3.10/dist-packages/fusion_estimator/__init__.py
-- Up-to-date: /home/smx/unitree_ros2_250221/unitree_sdk2_ws/install/fusion_estimator/local/lib/python3.10/dist-packages/fusion_estimator/msg
-- Up-to-date: /home/smx/unitree_ros2_250221/unitree_sdk2_ws/install/fusion_estimator/local/lib/python3.10/dist-packages/fusion_estimator/msg/__init__.py
-- Up-to-date: /home/smx/unitree_ros2_250221/unitree_sdk2_ws/install/fusion_estimator/local/lib/python3.10/dist-packages/fusion_estimator/msg/_fusion_estimator_test.py
-- Up-to-date: /home/smx/unitree_ros2_250221/unitree_sdk2_ws/install/fusion_estimator/local/lib/python3.10/dist-packages/fusion_estimator/msg/_fusion_estimator_test_s.c
-- Up-to-date: /home/smx/unitree_ros2_250221/unitree_sdk2_ws/install/fusion_estimator/local/lib/python3.10/dist-packages/fusion_estimator/_fusion_estimator_s.ep.rosidl_typesupport_fastrtps_c.c
-- Up-to-date: /home/smx/unitree_ros2_250221/unitree_sdk2_ws/install/fusion_estimator/local/lib/python3.10/dist-packages/fusion_estimator/fusion_estimator_s__rosidl_typesupport_introspection_c.cpython-310-x86_64-linux-gnu.so
-- Up-to-date: /home/smx/unitree_ros2_250221/unitree_sdk2_ws/install/fusion_estimator/local/lib/python3.10/dist-packages/fusion_estimator/_fusion_estimator_s.ep.rosidl_typesupport_introspection_c.c
-- Up-to-date: /home/smx/unitree_ros2_250221/unitree_sdk2_ws/install/fusion_estimator/local/lib/python3.10/dist-packages/fusion_estimator/libfusion_estimator__rosidl_generator_py.so
-- Up-to-date: /home/smx/unitree_ros2_250221/unitree_sdk2_ws/install/fusion_estimator/local/lib/python3.10/dist-packages/fusion_estimator/fusion_estimator_s__rosidl_typesupport_fastrtps_c.cpython-310-x86_64-linux-gnu.so
Listing '/home/smx/unitree_ros2_250221/unitree_sdk2_ws/install/fusion_estimator/local/lib/python3.10/dist-packages/fusion_estimator'...
Listing '/home/smx/unitree_ros2_250221/unitree_sdk2_ws/install/fusion_estimator/local/lib/python3.10/dist-packages/fusion_estimator/msg'...
-- Up-to-date: /home/smx/unitree_ros2_250221/unitree_sdk2_ws/install/fusion_estimator/local/lib/python3.10/dist-packages/fusion_estimator/fusion_estimator_s__rosidl_typesupport_fastrtps_c.cpython-310-x86_64-linux-gnu.so
-- Up-to-date: /home/smx/unitree_ros2_250221/unitree_sdk2_ws/install/fusion_estimator/local/lib/python3.10/dist-packages/fusion_estimator/fusion_estimator_s__rosidl_typesupport_introspection_c.cpython-310-x86_64-linux-gnu.so
-- Up-to-date: /home/smx/unitree_ros2_250221/unitree_sdk2_ws/install/fusion_estimator/local/lib/python3.10/dist-packages/fusion_estimator/fusion_estimator_s__rosidl_typesupport_c.cpython-310-x86_64-linux-gnu.so
-- Up-to-date: /home/smx/unitree_ros2_250221/unitree_sdk2_ws/install/fusion_estimator/lib/libfusion_estimator__rosidl_generator_py.so
-- Up-to-date: /home/smx/unitree_ros2_250221/unitree_sdk2_ws/install/fusion_estimator/share/fusion_estimator/msg/FusionEstimatorTest.idl
-- Up-to-date: /home/smx/unitree_ros2_250221/unitree_sdk2_ws/install/fusion_estimator/share/fusion_estimator/msg/FusionEstimatorTest.msg
-- Up-to-date: /home/smx/unitree_ros2_250221/unitree_sdk2_ws/install/fusion_estimator/lib/fusion_estimator/fusion_estimator_node
-- Up-to-date: /home/smx/unitree_ros2_250221/unitree_sdk2_ws/install/fusion_estimator/share/ament_index/resource_index/package_run_dependencies/fusion_estimator
-- Up-to-date: /home/smx/unitree_ros2_250221/unitree_sdk2_ws/install/fusion_estimator/share/ament_index/resource_index/parent_prefix_path/fusion_estimator
-- Up-to-date: /home/smx/unitree_ros2_250221/unitree_sdk2_ws/install/fusion_estimator/share/fusion_estimator/environment/ament_prefix_path.sh
-- Up-to-date: /home/smx/unitree_ros2_250221/unitree_sdk2_ws/install/fusion_estimator/share/fusion_estimator/environment/ament_prefix_path.dsv
-- Up-to-date: /home/smx/unitree_ros2_250221/unitree_sdk2_ws/install/fusion_estimator/share/fusion_estimator/environment/path.sh
-- Up-to-date: /home/smx/unitree_ros2_250221/unitree_sdk2_ws/install/fusion_estimator/share/fusion_estimator/environment/path.dsv
-- Up-to-date: /home/smx/unitree_ros2_250221/unitree_sdk2_ws/install/fusion_estimator/share/fusion_estimator/local_setup.bash
-- Up-to-date: /home/smx/unitree_ros2_250221/unitree_sdk2_ws/install/fusion_estimator/share/fusion_estimator/local_setup.sh
-- Up-to-date: /home/smx/unitree_ros2_250221/unitree_sdk2_ws/install/fusion_estimator/share/fusion_estimator/local_setup.zsh
-- Up-to-date: /home/smx/unitree_ros2_250221/unitree_sdk2_ws/install/fusion_estimator/share/fusion_estimator/local_setup.dsv
-- Installing: /home/smx/unitree_ros2_250221/unitree_sdk2_ws/install/fusion_estimator/share/fusion_estimator/package.dsv
-- Up-to-date: /home/smx/unitree_ros2_250221/unitree_sdk2_ws/install/fusion_estimator/share/ament_index/resource_index/packages/fusion_estimator
-- Up-to-date: /home/smx/unitree_ros2_250221/unitree_sdk2_ws/install/fusion_estimator/share/fusion_estimator/cmake/export_fusion_estimator__rosidl_generator_cExport.cmake
-- Up-to-date: /home/smx/unitree_ros2_250221/unitree_sdk2_ws/install/fusion_estimator/share/fusion_estimator/cmake/export_fusion_estimator__rosidl_generator_cExport-noconfig.cmake
-- Up-to-date: /home/smx/unitree_ros2_250221/unitree_sdk2_ws/install/fusion_estimator/share/fusion_estimator/cmake/export_fusion_estimator__rosidl_typesupport_fastrtps_cExport.cmake
-- Up-to-date: /home/smx/unitree_ros2_250221/unitree_sdk2_ws/install/fusion_estimator/share/fusion_estimator/cmake/export_fusion_estimator__rosidl_typesupport_fastrtps_cExport-noconfig.cmake
-- Up-to-date: /home/smx/unitree_ros2_250221/unitree_sdk2_ws/install/fusion_estimator/share/fusion_estimator/cmake/export_fusion_estimator__rosidl_generator_cppExport.cmake
-- Up-to-date: /home/smx/unitree_ros2_250221/unitree_sdk2_ws/install/fusion_estimator/share/fusion_estimator/cmake/export_fusion_estimator__rosidl_typesupport_fastrtps_cppExport.cmake
-- Up-to-date: /home/smx/unitree_ros2_250221/unitree_sdk2_ws/install/fusion_estimator/share/fusion_estimator/cmake/export_fusion_estimator__rosidl_typesupport_fastrtps_cppExport-noconfig.cmake
-- Up-to-date: /home/smx/unitree_ros2_250221/unitree_sdk2_ws/install/fusion_estimator/share/fusion_estimator/cmake/fusion_estimator__rosidl_typesupport_introspection_cExport.cmake
-- Up-to-date: /home/smx/unitree_ros2_250221/unitree_sdk2_ws/install/fusion_estimator/share/fusion_estimator/cmake/fusion_estimator__rosidl_typesupport_introspection_cExport-noconfig.cmake
-- Up-to-date: /home/smx/unitree_ros2_250221/unitree_sdk2_ws/install/fusion_estimator/share/fusion_estimator/cmake/fusion_estimator__rosidl_typesupport_cExport.cmake
-- Up-to-date: /home/smx/unitree_ros2_250221/unitree_sdk2_ws/install/fusion_estimator/share/fusion_estimator/cmake/fusion_estimator__rosidl_typesupport_cExport-noconfig.cmake
-- Up-to-date: /home/smx/unitree_ros2_250221/unitree_sdk2_ws/install/fusion_estimator/share/fusion_estimator/cmake/fusion_estimator__rosidl_typesupport_introspection_cppExport.cmake
-- Up-to-date: /home/smx/unitree_ros2_250221/unitree_sdk2_ws/install/fusion_estimator/share/fusion_estimator/cmake/fusion_estimator__rosidl_typesupport_introspection_cppExport-noconfig.cmake
-- Up-to-date: /home/smx/unitree_ros2_250221/unitree_sdk2_ws/install/fusion_estimator/share/fusion_estimator/cmake/fusion_estimator__rosidl_typesupport_cppExport.cmake
-- Up-to-date: /home/smx/unitree_ros2_250221/unitree_sdk2_ws/install/fusion_estimator/share/fusion_estimator/cmake/fusion_estimator__rosidl_typesupport_cppExport-noconfig.cmake
-- Up-to-date: /home/smx/unitree_ros2_250221/unitree_sdk2_ws/install/fusion_estimator/share/fusion_estimator/cmake/export_fusion_estimator__rosidl_generator_pyExport.cmake
-- Up-to-date: /home/smx/unitree_ros2_250221/unitree_sdk2_ws/install/fusion_estimator/share/fusion_estimator/cmake/export_fusion_estimator__rosidl_generator_pyExport-noconfig.cmake
-- Up-to-date: /home/smx/unitree_ros2_250221/unitree_sdk2_ws/install/fusion_estimator/share/fusion_estimator/cmake/rosidl_cmake-extras.cmake
-- Up-to-date: /home/smx/unitree_ros2_250221/unitree_sdk2_ws/install/fusion_estimator/share/fusion_estimator/cmake/ament_cmake_export_dependencies-extras.cmake
-- Up-to-date: /home/smx/unitree_ros2_250221/unitree_sdk2_ws/install/fusion_estimator/share/fusion_estimator/cmake/ament_cmake_export_include_directories-extras.cmake
-- Up-to-date: /home/smx/unitree_ros2_250221/unitree_sdk2_ws/install/fusion_estimator/share/fusion_estimator/cmake/ament_cmake_export_libraries-extras.cmake
-- Up-to-date: /home/smx/unitree_ros2_250221/unitree_sdk2_ws/install/fusion_estimator/share/fusion_estimator/cmake/ament_cmake_export_targets-extras.cmake
-- Up-to-date: /home/smx/unitree_ros2_250221/unitree_sdk2_ws/install/fusion_estimator/share/fusion_estimator/cmake/rosidl_cmake_export_typesupport_targets-extras.cmake
-- Up-to-date: /home/smx/unitree_ros2_250221/unitree_sdk2_ws/install/fusion_estimator/share/fusion_estimator/cmake/rosidl_cmake_export_typesupport_libraries-extras.cmake
-- Up-to-date: /home/smx/unitree_ros2_250221/unitree_sdk2_ws/install/fusion_estimator/share/fusion_estimator/cmake/fusion_estimatorConfig.cmake
-- Up-to-date: /home/smx/unitree_ros2_250221/unitree_sdk2_ws/install/fusion_estimator/share/fusion_estimator/cmake/fusion_estimatorConfig-version.cmake
-- Up-to-date: /home/smx/unitree_ros2_250221/unitree_sdk2_ws/install/fusion_estimator/share/fusion_estimator/package.xml
