[0.013s] Invoking command in '/home/smx/unitree_ros2_250221/unitree_sdk2_ws/build/joystick_control': CMAKE_PREFIX_PATH=/home/smx/unitree_ros2_250221/unitree_sdk2_ws/install/unitree_sdk2:/home/smx/unitree_ros2_250221/unitree_sdk2_ws/install/joystick_control:/home/smx/unitree_ros2_250221/unitree_sdk2_ws/install/fusion_estimator:/opt/ros/humble LD_LIBRARY_PATH=/home/smx/unitree_ros2_250221/unitree_sdk2_ws/install/unitree_sdk2/lib:/home/smx/unitree_ros2_250221/unitree_sdk2_ws/install/fusion_estimator/lib:/opt/ros/humble/opt/rviz_ogre_vendor/lib:/opt/ros/humble/lib/x86_64-linux-gnu:/opt/ros/humble/lib /usr/bin/cmake --build /home/smx/unitree_ros2_250221/unitree_sdk2_ws/build/joystick_control -- -j8 -l8
[0.124s] [100%] Built target joystick_control_node
[0.155s] Invoked command in '/home/smx/unitree_ros2_250221/unitree_sdk2_ws/build/joystick_control' returned '0': CMAKE_PREFIX_PATH=/home/smx/unitree_ros2_250221/unitree_sdk2_ws/install/unitree_sdk2:/home/smx/unitree_ros2_250221/unitree_sdk2_ws/install/joystick_control:/home/smx/unitree_ros2_250221/unitree_sdk2_ws/install/fusion_estimator:/opt/ros/humble LD_LIBRARY_PATH=/home/smx/unitree_ros2_250221/unitree_sdk2_ws/install/unitree_sdk2/lib:/home/smx/unitree_ros2_250221/unitree_sdk2_ws/install/fusion_estimator/lib:/opt/ros/humble/opt/rviz_ogre_vendor/lib:/opt/ros/humble/lib/x86_64-linux-gnu:/opt/ros/humble/lib /usr/bin/cmake --build /home/smx/unitree_ros2_250221/unitree_sdk2_ws/build/joystick_control -- -j8 -l8
[0.157s] Invoking command in '/home/smx/unitree_ros2_250221/unitree_sdk2_ws/build/joystick_control': CMAKE_PREFIX_PATH=/home/smx/unitree_ros2_250221/unitree_sdk2_ws/install/unitree_sdk2:/home/smx/unitree_ros2_250221/unitree_sdk2_ws/install/joystick_control:/home/smx/unitree_ros2_250221/unitree_sdk2_ws/install/fusion_estimator:/opt/ros/humble LD_LIBRARY_PATH=/home/smx/unitree_ros2_250221/unitree_sdk2_ws/install/unitree_sdk2/lib:/home/smx/unitree_ros2_250221/unitree_sdk2_ws/install/fusion_estimator/lib:/opt/ros/humble/opt/rviz_ogre_vendor/lib:/opt/ros/humble/lib/x86_64-linux-gnu:/opt/ros/humble/lib /usr/bin/cmake --install /home/smx/unitree_ros2_250221/unitree_sdk2_ws/build/joystick_control
[0.166s] -- Install configuration: ""
[0.166s] -- Up-to-date: /home/smx/unitree_ros2_250221/unitree_sdk2_ws/install/joystick_control/lib/joystick_control/joystick_control_node
[0.166s] -- Up-to-date: /home/smx/unitree_ros2_250221/unitree_sdk2_ws/install/joystick_control/share/joystick_control/launch
[0.167s] -- Installing: /home/smx/unitree_ros2_250221/unitree_sdk2_ws/install/joystick_control/share/joystick_control/launch/joystick_control_launch.py
[0.167s] -- Up-to-date: /home/smx/unitree_ros2_250221/unitree_sdk2_ws/install/joystick_control/share/ament_index/resource_index/package_run_dependencies/joystick_control
[0.167s] -- Up-to-date: /home/smx/unitree_ros2_250221/unitree_sdk2_ws/install/joystick_control/share/ament_index/resource_index/parent_prefix_path/joystick_control
[0.167s] -- Up-to-date: /home/smx/unitree_ros2_250221/unitree_sdk2_ws/install/joystick_control/share/joystick_control/environment/ament_prefix_path.sh
[0.167s] -- Up-to-date: /home/smx/unitree_ros2_250221/unitree_sdk2_ws/install/joystick_control/share/joystick_control/environment/ament_prefix_path.dsv
[0.167s] -- Up-to-date: /home/smx/unitree_ros2_250221/unitree_sdk2_ws/install/joystick_control/share/joystick_control/environment/path.sh
[0.168s] -- Up-to-date: /home/smx/unitree_ros2_250221/unitree_sdk2_ws/install/joystick_control/share/joystick_control/environment/path.dsv
[0.168s] -- Up-to-date: /home/smx/unitree_ros2_250221/unitree_sdk2_ws/install/joystick_control/share/joystick_control/local_setup.bash
[0.168s] -- Up-to-date: /home/smx/unitree_ros2_250221/unitree_sdk2_ws/install/joystick_control/share/joystick_control/local_setup.sh
[0.168s] -- Up-to-date: /home/smx/unitree_ros2_250221/unitree_sdk2_ws/install/joystick_control/share/joystick_control/local_setup.zsh
[0.168s] -- Up-to-date: /home/smx/unitree_ros2_250221/unitree_sdk2_ws/install/joystick_control/share/joystick_control/local_setup.dsv
[0.168s] -- Installing: /home/smx/unitree_ros2_250221/unitree_sdk2_ws/install/joystick_control/share/joystick_control/package.dsv
[0.168s] -- Up-to-date: /home/smx/unitree_ros2_250221/unitree_sdk2_ws/install/joystick_control/share/ament_index/resource_index/packages/joystick_control
[0.169s] -- Up-to-date: /home/smx/unitree_ros2_250221/unitree_sdk2_ws/install/joystick_control/share/joystick_control/cmake/joystick_controlConfig.cmake
[0.169s] -- Up-to-date: /home/smx/unitree_ros2_250221/unitree_sdk2_ws/install/joystick_control/share/joystick_control/cmake/joystick_controlConfig-version.cmake
[0.169s] -- Up-to-date: /home/smx/unitree_ros2_250221/unitree_sdk2_ws/install/joystick_control/share/joystick_control/package.xml
[0.171s] Invoked command in '/home/smx/unitree_ros2_250221/unitree_sdk2_ws/build/joystick_control' returned '0': CMAKE_PREFIX_PATH=/home/smx/unitree_ros2_250221/unitree_sdk2_ws/install/unitree_sdk2:/home/smx/unitree_ros2_250221/unitree_sdk2_ws/install/joystick_control:/home/smx/unitree_ros2_250221/unitree_sdk2_ws/install/fusion_estimator:/opt/ros/humble LD_LIBRARY_PATH=/home/smx/unitree_ros2_250221/unitree_sdk2_ws/install/unitree_sdk2/lib:/home/smx/unitree_ros2_250221/unitree_sdk2_ws/install/fusion_estimator/lib:/opt/ros/humble/opt/rviz_ogre_vendor/lib:/opt/ros/humble/lib/x86_64-linux-gnu:/opt/ros/humble/lib /usr/bin/cmake --install /home/smx/unitree_ros2_250221/unitree_sdk2_ws/build/joystick_control
