[0.095s] DEBUG:colcon:Command line arguments: ['/usr/bin/colcon', 'build']
[0.096s] DEBUG:colcon:Parsed command line arguments: Namespace(log_base=None, log_level=None, verb_name='build', build_base='build', install_base='install', merge_install=False, symlink_install=False, test_result_base=None, continue_on_error=False, executor='parallel', parallel_workers=8, event_handlers=None, ignore_user_meta=False, metas=['./colcon.meta'], base_paths=['.'], packages_ignore=None, packages_ignore_regex=None, paths=None, packages_up_to=None, packages_up_to_regex=None, packages_above=None, packages_above_and_dependencies=None, packages_above_depth=None, packages_select_by_dep=None, packages_skip_by_dep=None, packages_skip_up_to=None, packages_select_build_failed=False, packages_skip_build_finished=False, packages_select_test_failures=False, packages_skip_test_passed=False, packages_select=None, packages_skip=None, packages_select_regex=None, packages_skip_regex=None, packages_start=None, packages_end=None, allow_overriding=[], cmake_args=None, cmake_target=None, cmake_target_skip_unavailable=False, cmake_clean_cache=False, cmake_clean_first=False, cmake_force_configure=False, ament_cmake_args=None, catkin_cmake_args=None, catkin_skip_building_tests=False, verb_parser=<colcon_defaults.argument_parser.defaults.DefaultArgumentsDecorator object at 0x7110592aeaa0>, verb_extension=<colcon_core.verb.build.BuildVerb object at 0x71105942bee0>, main=<bound method BuildVerb.main of <colcon_core.verb.build.BuildVerb object at 0x71105942bee0>>)
[0.222s] Level 1:colcon.colcon_core.package_discovery:discover_packages(colcon_meta) check parameters
[0.222s] Level 1:colcon.colcon_core.package_discovery:discover_packages(recursive) check parameters
[0.222s] Level 1:colcon.colcon_core.package_discovery:discover_packages(ignore) check parameters
[0.222s] Level 1:colcon.colcon_core.package_discovery:discover_packages(path) check parameters
[0.222s] Level 1:colcon.colcon_core.package_discovery:discover_packages(colcon_meta) discover
[0.222s] Level 1:colcon.colcon_core.package_discovery:discover_packages(recursive) discover
[0.222s] INFO:colcon.colcon_core.package_discovery:Crawling recursively for packages in '/home/smx/unitree_ros2_250221/unitree_sdk2_ws'
[0.222s] Level 1:colcon.colcon_core.package_identification:_identify(.) by extensions ['ignore', 'ignore_ament_install']
[0.222s] Level 1:colcon.colcon_core.package_identification:_identify(.) by extension 'ignore'
[0.222s] Level 1:colcon.colcon_core.package_identification:_identify(.) by extension 'ignore_ament_install'
[0.222s] Level 1:colcon.colcon_core.package_identification:_identify(.) by extensions ['colcon_pkg']
[0.222s] Level 1:colcon.colcon_core.package_identification:_identify(.) by extension 'colcon_pkg'
[0.222s] Level 1:colcon.colcon_core.package_identification:_identify(.) by extensions ['colcon_meta']
[0.222s] Level 1:colcon.colcon_core.package_identification:_identify(.) by extension 'colcon_meta'
[0.222s] Level 1:colcon.colcon_core.package_identification:_identify(.) by extensions ['ros']
[0.222s] Level 1:colcon.colcon_core.package_identification:_identify(.) by extension 'ros'
[0.231s] Level 1:colcon.colcon_core.package_identification:_identify(.) by extensions ['cmake', 'python']
[0.231s] Level 1:colcon.colcon_core.package_identification:_identify(.) by extension 'cmake'
[0.231s] Level 1:colcon.colcon_core.package_identification:_identify(.) by extension 'python'
[0.232s] Level 1:colcon.colcon_core.package_identification:_identify(.) by extensions ['python_setup_py']
[0.232s] Level 1:colcon.colcon_core.package_identification:_identify(.) by extension 'python_setup_py'
[0.232s] Level 1:colcon.colcon_core.package_identification:_identify(build) by extensions ['ignore', 'ignore_ament_install']
[0.232s] Level 1:colcon.colcon_core.package_identification:_identify(build) by extension 'ignore'
[0.232s] Level 1:colcon.colcon_core.package_identification:_identify(build) ignored
[0.232s] Level 1:colcon.colcon_core.package_identification:_identify(fusion_estimator) by extensions ['ignore', 'ignore_ament_install']
[0.232s] Level 1:colcon.colcon_core.package_identification:_identify(fusion_estimator) by extension 'ignore'
[0.232s] Level 1:colcon.colcon_core.package_identification:_identify(fusion_estimator) by extension 'ignore_ament_install'
[0.232s] Level 1:colcon.colcon_core.package_identification:_identify(fusion_estimator) by extensions ['colcon_pkg']
[0.232s] Level 1:colcon.colcon_core.package_identification:_identify(fusion_estimator) by extension 'colcon_pkg'
[0.232s] Level 1:colcon.colcon_core.package_identification:_identify(fusion_estimator) by extensions ['colcon_meta']
[0.232s] Level 1:colcon.colcon_core.package_identification:_identify(fusion_estimator) by extension 'colcon_meta'
[0.232s] Level 1:colcon.colcon_core.package_identification:_identify(fusion_estimator) by extensions ['ros']
[0.232s] Level 1:colcon.colcon_core.package_identification:_identify(fusion_estimator) by extension 'ros'
[0.235s] DEBUG:colcon.colcon_core.package_identification:Package 'fusion_estimator' with type 'ros.ament_cmake' and name 'fusion_estimator'
[0.235s] Level 1:colcon.colcon_core.package_identification:_identify(install) by extensions ['ignore', 'ignore_ament_install']
[0.235s] Level 1:colcon.colcon_core.package_identification:_identify(install) by extension 'ignore'
[0.235s] Level 1:colcon.colcon_core.package_identification:_identify(install) ignored
[0.235s] Level 1:colcon.colcon_core.package_identification:_identify(joystick_control) by extensions ['ignore', 'ignore_ament_install']
[0.235s] Level 1:colcon.colcon_core.package_identification:_identify(joystick_control) by extension 'ignore'
[0.235s] Level 1:colcon.colcon_core.package_identification:_identify(joystick_control) by extension 'ignore_ament_install'
[0.235s] Level 1:colcon.colcon_core.package_identification:_identify(joystick_control) by extensions ['colcon_pkg']
[0.235s] Level 1:colcon.colcon_core.package_identification:_identify(joystick_control) by extension 'colcon_pkg'
[0.235s] Level 1:colcon.colcon_core.package_identification:_identify(joystick_control) by extensions ['colcon_meta']
[0.235s] Level 1:colcon.colcon_core.package_identification:_identify(joystick_control) by extension 'colcon_meta'
[0.235s] Level 1:colcon.colcon_core.package_identification:_identify(joystick_control) by extensions ['ros']
[0.235s] Level 1:colcon.colcon_core.package_identification:_identify(joystick_control) by extension 'ros'
[0.236s] DEBUG:colcon.colcon_core.package_identification:Package 'joystick_control' with type 'ros.ament_cmake' and name 'joystick_control'
[0.236s] Level 1:colcon.colcon_core.package_identification:_identify(log) by extensions ['ignore', 'ignore_ament_install']
[0.236s] Level 1:colcon.colcon_core.package_identification:_identify(log) by extension 'ignore'
[0.236s] Level 1:colcon.colcon_core.package_identification:_identify(log) ignored
[0.236s] Level 1:colcon.colcon_core.package_identification:_identify(unitree_sdk2) by extensions ['ignore', 'ignore_ament_install']
[0.237s] Level 1:colcon.colcon_core.package_identification:_identify(unitree_sdk2) by extension 'ignore'
[0.237s] Level 1:colcon.colcon_core.package_identification:_identify(unitree_sdk2) by extension 'ignore_ament_install'
[0.237s] Level 1:colcon.colcon_core.package_identification:_identify(unitree_sdk2) by extensions ['colcon_pkg']
[0.237s] Level 1:colcon.colcon_core.package_identification:_identify(unitree_sdk2) by extension 'colcon_pkg'
[0.237s] Level 1:colcon.colcon_core.package_identification:_identify(unitree_sdk2) by extensions ['colcon_meta']
[0.237s] Level 1:colcon.colcon_core.package_identification:_identify(unitree_sdk2) by extension 'colcon_meta'
[0.237s] Level 1:colcon.colcon_core.package_identification:_identify(unitree_sdk2) by extensions ['ros']
[0.237s] Level 1:colcon.colcon_core.package_identification:_identify(unitree_sdk2) by extension 'ros'
[0.237s] Level 1:colcon.colcon_core.package_identification:_identify(unitree_sdk2) by extensions ['cmake', 'python']
[0.237s] Level 1:colcon.colcon_core.package_identification:_identify(unitree_sdk2) by extension 'cmake'
[0.241s] Level 1:colcon.colcon_core.package_identification:_identify(unitree_sdk2) by extension 'python'
[0.241s] DEBUG:colcon.colcon_core.package_identification:Package 'unitree_sdk2' with type 'cmake' and name 'unitree_sdk2'
[0.241s] Level 1:colcon.colcon_core.package_discovery:discover_packages(recursive) using defaults
[0.241s] Level 1:colcon.colcon_core.package_discovery:discover_packages(ignore) discover
[0.241s] Level 1:colcon.colcon_core.package_discovery:discover_packages(ignore) using defaults
[0.241s] Level 1:colcon.colcon_core.package_discovery:discover_packages(path) discover
[0.241s] Level 1:colcon.colcon_core.package_discovery:discover_packages(path) using defaults
[0.257s] Level 1:colcon.colcon_core.package_discovery:discover_packages(prefix_path) check parameters
[0.257s] Level 1:colcon.colcon_core.package_discovery:discover_packages(prefix_path) discover
[0.258s] DEBUG:colcon.colcon_installed_package_information.package_discovery:Found 3 installed packages in /home/smx/unitree_ros2_250221/unitree_sdk2_ws/install
[0.259s] DEBUG:colcon.colcon_installed_package_information.package_discovery:Found 273 installed packages in /opt/ros/humble
[0.261s] Level 1:colcon.colcon_core.package_discovery:discover_packages(prefix_path) using defaults
[0.303s] Level 5:colcon.colcon_core.verb:set package 'unitree_sdk2' build argument 'cmake_args' from command line to 'None'
[0.303s] Level 5:colcon.colcon_core.verb:set package 'unitree_sdk2' build argument 'cmake_target' from command line to 'None'
[0.303s] Level 5:colcon.colcon_core.verb:set package 'unitree_sdk2' build argument 'cmake_target_skip_unavailable' from command line to 'False'
[0.303s] Level 5:colcon.colcon_core.verb:set package 'unitree_sdk2' build argument 'cmake_clean_cache' from command line to 'False'
[0.303s] Level 5:colcon.colcon_core.verb:set package 'unitree_sdk2' build argument 'cmake_clean_first' from command line to 'False'
[0.303s] Level 5:colcon.colcon_core.verb:set package 'unitree_sdk2' build argument 'cmake_force_configure' from command line to 'False'
[0.303s] Level 5:colcon.colcon_core.verb:set package 'unitree_sdk2' build argument 'ament_cmake_args' from command line to 'None'
[0.303s] Level 5:colcon.colcon_core.verb:set package 'unitree_sdk2' build argument 'catkin_cmake_args' from command line to 'None'
[0.303s] Level 5:colcon.colcon_core.verb:set package 'unitree_sdk2' build argument 'catkin_skip_building_tests' from command line to 'False'
[0.303s] DEBUG:colcon.colcon_core.verb:Building package 'unitree_sdk2' with the following arguments: {'ament_cmake_args': None, 'build_base': '/home/smx/unitree_ros2_250221/unitree_sdk2_ws/build/unitree_sdk2', 'catkin_cmake_args': None, 'catkin_skip_building_tests': False, 'cmake_args': None, 'cmake_clean_cache': False, 'cmake_clean_first': False, 'cmake_force_configure': False, 'cmake_target': None, 'cmake_target_skip_unavailable': False, 'install_base': '/home/smx/unitree_ros2_250221/unitree_sdk2_ws/install/unitree_sdk2', 'merge_install': False, 'path': '/home/smx/unitree_ros2_250221/unitree_sdk2_ws/unitree_sdk2', 'symlink_install': False, 'test_result_base': None}
[0.304s] Level 5:colcon.colcon_core.verb:set package 'fusion_estimator' build argument 'cmake_args' from command line to 'None'
[0.304s] Level 5:colcon.colcon_core.verb:set package 'fusion_estimator' build argument 'cmake_target' from command line to 'None'
[0.304s] Level 5:colcon.colcon_core.verb:set package 'fusion_estimator' build argument 'cmake_target_skip_unavailable' from command line to 'False'
[0.304s] Level 5:colcon.colcon_core.verb:set package 'fusion_estimator' build argument 'cmake_clean_cache' from command line to 'False'
[0.304s] Level 5:colcon.colcon_core.verb:set package 'fusion_estimator' build argument 'cmake_clean_first' from command line to 'False'
[0.304s] Level 5:colcon.colcon_core.verb:set package 'fusion_estimator' build argument 'cmake_force_configure' from command line to 'False'
[0.304s] Level 5:colcon.colcon_core.verb:set package 'fusion_estimator' build argument 'ament_cmake_args' from command line to 'None'
[0.304s] Level 5:colcon.colcon_core.verb:set package 'fusion_estimator' build argument 'catkin_cmake_args' from command line to 'None'
[0.304s] Level 5:colcon.colcon_core.verb:set package 'fusion_estimator' build argument 'catkin_skip_building_tests' from command line to 'False'
[0.304s] DEBUG:colcon.colcon_core.verb:Building package 'fusion_estimator' with the following arguments: {'ament_cmake_args': None, 'build_base': '/home/smx/unitree_ros2_250221/unitree_sdk2_ws/build/fusion_estimator', 'catkin_cmake_args': None, 'catkin_skip_building_tests': False, 'cmake_args': None, 'cmake_clean_cache': False, 'cmake_clean_first': False, 'cmake_force_configure': False, 'cmake_target': None, 'cmake_target_skip_unavailable': False, 'install_base': '/home/smx/unitree_ros2_250221/unitree_sdk2_ws/install/fusion_estimator', 'merge_install': False, 'path': '/home/smx/unitree_ros2_250221/unitree_sdk2_ws/fusion_estimator', 'symlink_install': False, 'test_result_base': None}
[0.304s] Level 5:colcon.colcon_core.verb:set package 'joystick_control' build argument 'cmake_args' from command line to 'None'
[0.304s] Level 5:colcon.colcon_core.verb:set package 'joystick_control' build argument 'cmake_target' from command line to 'None'
[0.305s] Level 5:colcon.colcon_core.verb:set package 'joystick_control' build argument 'cmake_target_skip_unavailable' from command line to 'False'
[0.305s] Level 5:colcon.colcon_core.verb:set package 'joystick_control' build argument 'cmake_clean_cache' from command line to 'False'
[0.305s] Level 5:colcon.colcon_core.verb:set package 'joystick_control' build argument 'cmake_clean_first' from command line to 'False'
[0.305s] Level 5:colcon.colcon_core.verb:set package 'joystick_control' build argument 'cmake_force_configure' from command line to 'False'
[0.305s] Level 5:colcon.colcon_core.verb:set package 'joystick_control' build argument 'ament_cmake_args' from command line to 'None'
[0.305s] Level 5:colcon.colcon_core.verb:set package 'joystick_control' build argument 'catkin_cmake_args' from command line to 'None'
[0.305s] Level 5:colcon.colcon_core.verb:set package 'joystick_control' build argument 'catkin_skip_building_tests' from command line to 'False'
[0.305s] DEBUG:colcon.colcon_core.verb:Building package 'joystick_control' with the following arguments: {'ament_cmake_args': None, 'build_base': '/home/smx/unitree_ros2_250221/unitree_sdk2_ws/build/joystick_control', 'catkin_cmake_args': None, 'catkin_skip_building_tests': False, 'cmake_args': None, 'cmake_clean_cache': False, 'cmake_clean_first': False, 'cmake_force_configure': False, 'cmake_target': None, 'cmake_target_skip_unavailable': False, 'install_base': '/home/smx/unitree_ros2_250221/unitree_sdk2_ws/install/joystick_control', 'merge_install': False, 'path': '/home/smx/unitree_ros2_250221/unitree_sdk2_ws/joystick_control', 'symlink_install': False, 'test_result_base': None}
[0.305s] INFO:colcon.colcon_core.executor:Executing jobs using 'parallel' executor
[0.306s] DEBUG:colcon.colcon_parallel_executor.executor.parallel:run_until_complete
[0.306s] INFO:colcon.colcon_cmake.task.cmake.build:Building CMake package in '/home/smx/unitree_ros2_250221/unitree_sdk2_ws/unitree_sdk2'
[0.308s] INFO:colcon.colcon_core.plugin_system:Skipping extension 'colcon_core.shell.bat': Not used on non-Windows systems
[0.308s] INFO:colcon.colcon_core.shell:Skip shell extension 'powershell' for command environment: Not usable outside of PowerShell
[0.308s] DEBUG:colcon.colcon_core.shell:Skip shell extension 'dsv' for command environment
[0.316s] DEBUG:colcon.colcon_core.event_handler.log_command:Invoking command in '/home/smx/unitree_ros2_250221/unitree_sdk2_ws/build/unitree_sdk2': /usr/bin/cmake --build /home/smx/unitree_ros2_250221/unitree_sdk2_ws/build/unitree_sdk2 -- -j8 -l8
[0.426s] DEBUG:colcon.colcon_core.event_handler.log_command:Invoked command in '/home/smx/unitree_ros2_250221/unitree_sdk2_ws/build/unitree_sdk2' returned '0': /usr/bin/cmake --build /home/smx/unitree_ros2_250221/unitree_sdk2_ws/build/unitree_sdk2 -- -j8 -l8
[0.434s] DEBUG:colcon.colcon_core.event_handler.log_command:Invoking command in '/home/smx/unitree_ros2_250221/unitree_sdk2_ws/build/unitree_sdk2': /usr/bin/cmake --install /home/smx/unitree_ros2_250221/unitree_sdk2_ws/build/unitree_sdk2
[0.457s] Level 1:colcon.colcon_core.environment:create_environment_scripts_only(unitree_sdk2)
[0.470s] Level 1:colcon.colcon_core.environment:checking '/home/smx/unitree_ros2_250221/unitree_sdk2_ws/install/unitree_sdk2' for CMake module files
[0.472s] Level 1:colcon.colcon_core.environment:checking '/home/smx/unitree_ros2_250221/unitree_sdk2_ws/install/unitree_sdk2' for CMake config files
[0.474s] Level 1:colcon.colcon_core.shell:create_environment_hook('unitree_sdk2', 'cmake_prefix_path')
[0.475s] INFO:colcon.colcon_core.shell:Creating environment hook '/home/smx/unitree_ros2_250221/unitree_sdk2_ws/install/unitree_sdk2/share/unitree_sdk2/hook/cmake_prefix_path.ps1'
[0.477s] INFO:colcon.colcon_core.shell:Creating environment descriptor '/home/smx/unitree_ros2_250221/unitree_sdk2_ws/install/unitree_sdk2/share/unitree_sdk2/hook/cmake_prefix_path.dsv'
[0.479s] INFO:colcon.colcon_core.shell:Creating environment hook '/home/smx/unitree_ros2_250221/unitree_sdk2_ws/install/unitree_sdk2/share/unitree_sdk2/hook/cmake_prefix_path.sh'
[0.482s] Level 1:colcon.colcon_core.environment:checking '/home/smx/unitree_ros2_250221/unitree_sdk2_ws/install/unitree_sdk2/lib'
[0.483s] Level 1:colcon.colcon_core.shell:create_environment_hook('unitree_sdk2', 'ld_library_path_lib')
[0.483s] INFO:colcon.colcon_core.shell:Creating environment hook '/home/smx/unitree_ros2_250221/unitree_sdk2_ws/install/unitree_sdk2/share/unitree_sdk2/hook/ld_library_path_lib.ps1'
[0.485s] INFO:colcon.colcon_core.shell:Creating environment descriptor '/home/smx/unitree_ros2_250221/unitree_sdk2_ws/install/unitree_sdk2/share/unitree_sdk2/hook/ld_library_path_lib.dsv'
[0.487s] INFO:colcon.colcon_core.shell:Creating environment hook '/home/smx/unitree_ros2_250221/unitree_sdk2_ws/install/unitree_sdk2/share/unitree_sdk2/hook/ld_library_path_lib.sh'
[0.488s] Level 1:colcon.colcon_core.environment:checking '/home/smx/unitree_ros2_250221/unitree_sdk2_ws/install/unitree_sdk2/bin'
[0.488s] Level 1:colcon.colcon_core.environment:checking '/home/smx/unitree_ros2_250221/unitree_sdk2_ws/install/unitree_sdk2/lib/pkgconfig/unitree_sdk2.pc'
[0.488s] Level 1:colcon.colcon_core.environment:checking '/home/smx/unitree_ros2_250221/unitree_sdk2_ws/install/unitree_sdk2/lib/python3.10/site-packages'
[0.489s] Level 1:colcon.colcon_core.environment:checking '/home/smx/unitree_ros2_250221/unitree_sdk2_ws/install/unitree_sdk2/bin'
[0.489s] INFO:colcon.colcon_core.shell:Creating package script '/home/smx/unitree_ros2_250221/unitree_sdk2_ws/install/unitree_sdk2/share/unitree_sdk2/package.ps1'
[0.491s] INFO:colcon.colcon_core.shell:Creating package descriptor '/home/smx/unitree_ros2_250221/unitree_sdk2_ws/install/unitree_sdk2/share/unitree_sdk2/package.dsv'
[0.493s] INFO:colcon.colcon_core.shell:Creating package script '/home/smx/unitree_ros2_250221/unitree_sdk2_ws/install/unitree_sdk2/share/unitree_sdk2/package.sh'
[0.495s] INFO:colcon.colcon_core.shell:Creating package script '/home/smx/unitree_ros2_250221/unitree_sdk2_ws/install/unitree_sdk2/share/unitree_sdk2/package.bash'
[0.497s] INFO:colcon.colcon_core.shell:Creating package script '/home/smx/unitree_ros2_250221/unitree_sdk2_ws/install/unitree_sdk2/share/unitree_sdk2/package.zsh'
[0.499s] Level 1:colcon.colcon_core.environment:create_file_with_runtime_dependencies(/home/smx/unitree_ros2_250221/unitree_sdk2_ws/install/unitree_sdk2/share/colcon-core/packages/unitree_sdk2)
[0.500s] INFO:colcon.colcon_ros.task.ament_cmake.build:Building ROS package in '/home/smx/unitree_ros2_250221/unitree_sdk2_ws/fusion_estimator' with build type 'ament_cmake'
[0.500s] INFO:colcon.colcon_cmake.task.cmake.build:Building CMake package in '/home/smx/unitree_ros2_250221/unitree_sdk2_ws/fusion_estimator'
[0.501s] INFO:colcon.colcon_core.shell:Skip shell extension 'powershell' for command environment: Not usable outside of PowerShell
[0.501s] DEBUG:colcon.colcon_core.shell:Skip shell extension 'dsv' for command environment
[0.507s] DEBUG:colcon.colcon_core.event_handler.log_command:Invoked command in '/home/smx/unitree_ros2_250221/unitree_sdk2_ws/build/unitree_sdk2' returned '0': /usr/bin/cmake --install /home/smx/unitree_ros2_250221/unitree_sdk2_ws/build/unitree_sdk2
[0.509s] INFO:colcon.colcon_ros.task.ament_cmake.build:Building ROS package in '/home/smx/unitree_ros2_250221/unitree_sdk2_ws/joystick_control' with build type 'ament_cmake'
[0.509s] INFO:colcon.colcon_cmake.task.cmake.build:Building CMake package in '/home/smx/unitree_ros2_250221/unitree_sdk2_ws/joystick_control'
[0.509s] INFO:colcon.colcon_core.shell:Skip shell extension 'powershell' for command environment: Not usable outside of PowerShell
[0.510s] DEBUG:colcon.colcon_core.shell:Skip shell extension 'dsv' for command environment
[0.519s] DEBUG:colcon.colcon_core.event_handler.log_command:Invoking command in '/home/smx/unitree_ros2_250221/unitree_sdk2_ws/build/fusion_estimator': CMAKE_PREFIX_PATH=/home/smx/unitree_ros2_250221/unitree_sdk2_ws/install/unitree_sdk2:/home/smx/unitree_ros2_250221/unitree_sdk2_ws/install/joystick_control:/home/smx/unitree_ros2_250221/unitree_sdk2_ws/install/fusion_estimator:/opt/ros/humble LD_LIBRARY_PATH=/home/smx/unitree_ros2_250221/unitree_sdk2_ws/install/unitree_sdk2/lib:/home/smx/unitree_ros2_250221/unitree_sdk2_ws/install/fusion_estimator/lib:/opt/ros/humble/opt/rviz_ogre_vendor/lib:/opt/ros/humble/lib/x86_64-linux-gnu:/opt/ros/humble/lib /usr/bin/cmake --build /home/smx/unitree_ros2_250221/unitree_sdk2_ws/build/fusion_estimator -- -j8 -l8
[0.523s] DEBUG:colcon.colcon_core.event_handler.log_command:Invoking command in '/home/smx/unitree_ros2_250221/unitree_sdk2_ws/build/joystick_control': CMAKE_PREFIX_PATH=/home/smx/unitree_ros2_250221/unitree_sdk2_ws/install/unitree_sdk2:/home/smx/unitree_ros2_250221/unitree_sdk2_ws/install/joystick_control:/home/smx/unitree_ros2_250221/unitree_sdk2_ws/install/fusion_estimator:/opt/ros/humble LD_LIBRARY_PATH=/home/smx/unitree_ros2_250221/unitree_sdk2_ws/install/unitree_sdk2/lib:/home/smx/unitree_ros2_250221/unitree_sdk2_ws/install/fusion_estimator/lib:/opt/ros/humble/opt/rviz_ogre_vendor/lib:/opt/ros/humble/lib/x86_64-linux-gnu:/opt/ros/humble/lib /usr/bin/cmake --build /home/smx/unitree_ros2_250221/unitree_sdk2_ws/build/joystick_control -- -j8 -l8
[0.633s] DEBUG:colcon.colcon_core.event_handler.log_command:Invoked command in '/home/smx/unitree_ros2_250221/unitree_sdk2_ws/build/joystick_control' returned '0': CMAKE_PREFIX_PATH=/home/smx/unitree_ros2_250221/unitree_sdk2_ws/install/unitree_sdk2:/home/smx/unitree_ros2_250221/unitree_sdk2_ws/install/joystick_control:/home/smx/unitree_ros2_250221/unitree_sdk2_ws/install/fusion_estimator:/opt/ros/humble LD_LIBRARY_PATH=/home/smx/unitree_ros2_250221/unitree_sdk2_ws/install/unitree_sdk2/lib:/home/smx/unitree_ros2_250221/unitree_sdk2_ws/install/fusion_estimator/lib:/opt/ros/humble/opt/rviz_ogre_vendor/lib:/opt/ros/humble/lib/x86_64-linux-gnu:/opt/ros/humble/lib /usr/bin/cmake --build /home/smx/unitree_ros2_250221/unitree_sdk2_ws/build/joystick_control -- -j8 -l8
[0.643s] DEBUG:colcon.colcon_core.event_handler.log_command:Invoking command in '/home/smx/unitree_ros2_250221/unitree_sdk2_ws/build/joystick_control': CMAKE_PREFIX_PATH=/home/smx/unitree_ros2_250221/unitree_sdk2_ws/install/unitree_sdk2:/home/smx/unitree_ros2_250221/unitree_sdk2_ws/install/joystick_control:/home/smx/unitree_ros2_250221/unitree_sdk2_ws/install/fusion_estimator:/opt/ros/humble LD_LIBRARY_PATH=/home/smx/unitree_ros2_250221/unitree_sdk2_ws/install/unitree_sdk2/lib:/home/smx/unitree_ros2_250221/unitree_sdk2_ws/install/fusion_estimator/lib:/opt/ros/humble/opt/rviz_ogre_vendor/lib:/opt/ros/humble/lib/x86_64-linux-gnu:/opt/ros/humble/lib /usr/bin/cmake --install /home/smx/unitree_ros2_250221/unitree_sdk2_ws/build/joystick_control
[0.658s] Level 1:colcon.colcon_core.environment:create_environment_scripts_only(joystick_control)
[0.659s] Level 1:colcon.colcon_core.environment:checking '/home/smx/unitree_ros2_250221/unitree_sdk2_ws/install/joystick_control' for CMake module files
[0.662s] DEBUG:colcon.colcon_core.event_handler.log_command:Invoked command in '/home/smx/unitree_ros2_250221/unitree_sdk2_ws/build/joystick_control' returned '0': CMAKE_PREFIX_PATH=/home/smx/unitree_ros2_250221/unitree_sdk2_ws/install/unitree_sdk2:/home/smx/unitree_ros2_250221/unitree_sdk2_ws/install/joystick_control:/home/smx/unitree_ros2_250221/unitree_sdk2_ws/install/fusion_estimator:/opt/ros/humble LD_LIBRARY_PATH=/home/smx/unitree_ros2_250221/unitree_sdk2_ws/install/unitree_sdk2/lib:/home/smx/unitree_ros2_250221/unitree_sdk2_ws/install/fusion_estimator/lib:/opt/ros/humble/opt/rviz_ogre_vendor/lib:/opt/ros/humble/lib/x86_64-linux-gnu:/opt/ros/humble/lib /usr/bin/cmake --install /home/smx/unitree_ros2_250221/unitree_sdk2_ws/build/joystick_control
[0.662s] Level 1:colcon.colcon_core.environment:checking '/home/smx/unitree_ros2_250221/unitree_sdk2_ws/install/joystick_control' for CMake config files
[0.663s] Level 1:colcon.colcon_core.shell:create_environment_hook('joystick_control', 'cmake_prefix_path')
[0.663s] INFO:colcon.colcon_core.shell:Creating environment hook '/home/smx/unitree_ros2_250221/unitree_sdk2_ws/install/joystick_control/share/joystick_control/hook/cmake_prefix_path.ps1'
[0.664s] INFO:colcon.colcon_core.shell:Creating environment descriptor '/home/smx/unitree_ros2_250221/unitree_sdk2_ws/install/joystick_control/share/joystick_control/hook/cmake_prefix_path.dsv'
[0.665s] INFO:colcon.colcon_core.shell:Creating environment hook '/home/smx/unitree_ros2_250221/unitree_sdk2_ws/install/joystick_control/share/joystick_control/hook/cmake_prefix_path.sh'
[0.666s] Level 1:colcon.colcon_core.environment:checking '/home/smx/unitree_ros2_250221/unitree_sdk2_ws/install/joystick_control/lib'
[0.666s] Level 1:colcon.colcon_core.environment:checking '/home/smx/unitree_ros2_250221/unitree_sdk2_ws/install/joystick_control/bin'
[0.666s] Level 1:colcon.colcon_core.environment:checking '/home/smx/unitree_ros2_250221/unitree_sdk2_ws/install/joystick_control/lib/pkgconfig/joystick_control.pc'
[0.667s] Level 1:colcon.colcon_core.environment:checking '/home/smx/unitree_ros2_250221/unitree_sdk2_ws/install/joystick_control/lib/python3.10/site-packages'
[0.667s] Level 1:colcon.colcon_core.environment:checking '/home/smx/unitree_ros2_250221/unitree_sdk2_ws/install/joystick_control/bin'
[0.668s] INFO:colcon.colcon_core.shell:Creating package script '/home/smx/unitree_ros2_250221/unitree_sdk2_ws/install/joystick_control/share/joystick_control/package.ps1'
[0.669s] INFO:colcon.colcon_core.shell:Creating package descriptor '/home/smx/unitree_ros2_250221/unitree_sdk2_ws/install/joystick_control/share/joystick_control/package.dsv'
[0.669s] INFO:colcon.colcon_core.shell:Creating package script '/home/smx/unitree_ros2_250221/unitree_sdk2_ws/install/joystick_control/share/joystick_control/package.sh'
[0.670s] INFO:colcon.colcon_core.shell:Creating package script '/home/smx/unitree_ros2_250221/unitree_sdk2_ws/install/joystick_control/share/joystick_control/package.bash'
[0.670s] INFO:colcon.colcon_core.shell:Creating package script '/home/smx/unitree_ros2_250221/unitree_sdk2_ws/install/joystick_control/share/joystick_control/package.zsh'
[0.671s] Level 1:colcon.colcon_core.environment:create_file_with_runtime_dependencies(/home/smx/unitree_ros2_250221/unitree_sdk2_ws/install/joystick_control/share/colcon-core/packages/joystick_control)
[0.671s] Level 1:colcon.colcon_core.environment:create_environment_scripts_only(joystick_control)
[0.672s] Level 1:colcon.colcon_core.environment:checking '/home/smx/unitree_ros2_250221/unitree_sdk2_ws/install/joystick_control' for CMake module files
[0.673s] Level 1:colcon.colcon_core.environment:checking '/home/smx/unitree_ros2_250221/unitree_sdk2_ws/install/joystick_control' for CMake config files
[0.673s] Level 1:colcon.colcon_core.shell:create_environment_hook('joystick_control', 'cmake_prefix_path')
[0.674s] INFO:colcon.colcon_core.shell:Creating environment hook '/home/smx/unitree_ros2_250221/unitree_sdk2_ws/install/joystick_control/share/joystick_control/hook/cmake_prefix_path.ps1'
[0.674s] INFO:colcon.colcon_core.shell:Creating environment descriptor '/home/smx/unitree_ros2_250221/unitree_sdk2_ws/install/joystick_control/share/joystick_control/hook/cmake_prefix_path.dsv'
[0.675s] INFO:colcon.colcon_core.shell:Creating environment hook '/home/smx/unitree_ros2_250221/unitree_sdk2_ws/install/joystick_control/share/joystick_control/hook/cmake_prefix_path.sh'
[0.676s] Level 1:colcon.colcon_core.environment:checking '/home/smx/unitree_ros2_250221/unitree_sdk2_ws/install/joystick_control/lib'
[0.676s] Level 1:colcon.colcon_core.environment:checking '/home/smx/unitree_ros2_250221/unitree_sdk2_ws/install/joystick_control/bin'
[0.676s] Level 1:colcon.colcon_core.environment:checking '/home/smx/unitree_ros2_250221/unitree_sdk2_ws/install/joystick_control/lib/pkgconfig/joystick_control.pc'
[0.676s] Level 1:colcon.colcon_core.environment:checking '/home/smx/unitree_ros2_250221/unitree_sdk2_ws/install/joystick_control/lib/python3.10/site-packages'
[0.676s] Level 1:colcon.colcon_core.environment:checking '/home/smx/unitree_ros2_250221/unitree_sdk2_ws/install/joystick_control/bin'
[0.677s] INFO:colcon.colcon_core.shell:Creating package script '/home/smx/unitree_ros2_250221/unitree_sdk2_ws/install/joystick_control/share/joystick_control/package.ps1'
[0.677s] INFO:colcon.colcon_core.shell:Creating package descriptor '/home/smx/unitree_ros2_250221/unitree_sdk2_ws/install/joystick_control/share/joystick_control/package.dsv'
[0.678s] INFO:colcon.colcon_core.shell:Creating package script '/home/smx/unitree_ros2_250221/unitree_sdk2_ws/install/joystick_control/share/joystick_control/package.sh'
[0.678s] INFO:colcon.colcon_core.shell:Creating package script '/home/smx/unitree_ros2_250221/unitree_sdk2_ws/install/joystick_control/share/joystick_control/package.bash'
[0.679s] INFO:colcon.colcon_core.shell:Creating package script '/home/smx/unitree_ros2_250221/unitree_sdk2_ws/install/joystick_control/share/joystick_control/package.zsh'
[0.679s] Level 1:colcon.colcon_core.environment:create_file_with_runtime_dependencies(/home/smx/unitree_ros2_250221/unitree_sdk2_ws/install/joystick_control/share/colcon-core/packages/joystick_control)
[0.937s] DEBUG:colcon.colcon_core.event_handler.log_command:Invoked command in '/home/smx/unitree_ros2_250221/unitree_sdk2_ws/build/fusion_estimator' returned '0': CMAKE_PREFIX_PATH=/home/smx/unitree_ros2_250221/unitree_sdk2_ws/install/unitree_sdk2:/home/smx/unitree_ros2_250221/unitree_sdk2_ws/install/joystick_control:/home/smx/unitree_ros2_250221/unitree_sdk2_ws/install/fusion_estimator:/opt/ros/humble LD_LIBRARY_PATH=/home/smx/unitree_ros2_250221/unitree_sdk2_ws/install/unitree_sdk2/lib:/home/smx/unitree_ros2_250221/unitree_sdk2_ws/install/fusion_estimator/lib:/opt/ros/humble/opt/rviz_ogre_vendor/lib:/opt/ros/humble/lib/x86_64-linux-gnu:/opt/ros/humble/lib /usr/bin/cmake --build /home/smx/unitree_ros2_250221/unitree_sdk2_ws/build/fusion_estimator -- -j8 -l8
[0.940s] DEBUG:colcon.colcon_core.event_handler.log_command:Invoking command in '/home/smx/unitree_ros2_250221/unitree_sdk2_ws/build/fusion_estimator': CMAKE_PREFIX_PATH=/home/smx/unitree_ros2_250221/unitree_sdk2_ws/install/unitree_sdk2:/home/smx/unitree_ros2_250221/unitree_sdk2_ws/install/joystick_control:/home/smx/unitree_ros2_250221/unitree_sdk2_ws/install/fusion_estimator:/opt/ros/humble LD_LIBRARY_PATH=/home/smx/unitree_ros2_250221/unitree_sdk2_ws/install/unitree_sdk2/lib:/home/smx/unitree_ros2_250221/unitree_sdk2_ws/install/fusion_estimator/lib:/opt/ros/humble/opt/rviz_ogre_vendor/lib:/opt/ros/humble/lib/x86_64-linux-gnu:/opt/ros/humble/lib /usr/bin/cmake --install /home/smx/unitree_ros2_250221/unitree_sdk2_ws/build/fusion_estimator
[0.986s] Level 1:colcon.colcon_core.environment:create_environment_scripts_only(fusion_estimator)
[0.987s] Level 1:colcon.colcon_core.environment:checking '/home/smx/unitree_ros2_250221/unitree_sdk2_ws/install/fusion_estimator' for CMake module files
[0.987s] DEBUG:colcon.colcon_core.event_handler.log_command:Invoked command in '/home/smx/unitree_ros2_250221/unitree_sdk2_ws/build/fusion_estimator' returned '0': CMAKE_PREFIX_PATH=/home/smx/unitree_ros2_250221/unitree_sdk2_ws/install/unitree_sdk2:/home/smx/unitree_ros2_250221/unitree_sdk2_ws/install/joystick_control:/home/smx/unitree_ros2_250221/unitree_sdk2_ws/install/fusion_estimator:/opt/ros/humble LD_LIBRARY_PATH=/home/smx/unitree_ros2_250221/unitree_sdk2_ws/install/unitree_sdk2/lib:/home/smx/unitree_ros2_250221/unitree_sdk2_ws/install/fusion_estimator/lib:/opt/ros/humble/opt/rviz_ogre_vendor/lib:/opt/ros/humble/lib/x86_64-linux-gnu:/opt/ros/humble/lib /usr/bin/cmake --install /home/smx/unitree_ros2_250221/unitree_sdk2_ws/build/fusion_estimator
[0.987s] Level 1:colcon.colcon_core.environment:checking '/home/smx/unitree_ros2_250221/unitree_sdk2_ws/install/fusion_estimator' for CMake config files
[0.988s] Level 1:colcon.colcon_core.shell:create_environment_hook('fusion_estimator', 'cmake_prefix_path')
[0.988s] INFO:colcon.colcon_core.shell:Creating environment hook '/home/smx/unitree_ros2_250221/unitree_sdk2_ws/install/fusion_estimator/share/fusion_estimator/hook/cmake_prefix_path.ps1'
[0.988s] INFO:colcon.colcon_core.shell:Creating environment descriptor '/home/smx/unitree_ros2_250221/unitree_sdk2_ws/install/fusion_estimator/share/fusion_estimator/hook/cmake_prefix_path.dsv'
[0.989s] INFO:colcon.colcon_core.shell:Creating environment hook '/home/smx/unitree_ros2_250221/unitree_sdk2_ws/install/fusion_estimator/share/fusion_estimator/hook/cmake_prefix_path.sh'
[0.989s] Level 1:colcon.colcon_core.environment:checking '/home/smx/unitree_ros2_250221/unitree_sdk2_ws/install/fusion_estimator/lib'
[0.989s] Level 1:colcon.colcon_core.shell:create_environment_hook('fusion_estimator', 'ld_library_path_lib')
[0.989s] INFO:colcon.colcon_core.shell:Creating environment hook '/home/smx/unitree_ros2_250221/unitree_sdk2_ws/install/fusion_estimator/share/fusion_estimator/hook/ld_library_path_lib.ps1'
[0.990s] INFO:colcon.colcon_core.shell:Creating environment descriptor '/home/smx/unitree_ros2_250221/unitree_sdk2_ws/install/fusion_estimator/share/fusion_estimator/hook/ld_library_path_lib.dsv'
[0.990s] INFO:colcon.colcon_core.shell:Creating environment hook '/home/smx/unitree_ros2_250221/unitree_sdk2_ws/install/fusion_estimator/share/fusion_estimator/hook/ld_library_path_lib.sh'
[0.990s] Level 1:colcon.colcon_core.environment:checking '/home/smx/unitree_ros2_250221/unitree_sdk2_ws/install/fusion_estimator/bin'
[0.990s] Level 1:colcon.colcon_core.environment:checking '/home/smx/unitree_ros2_250221/unitree_sdk2_ws/install/fusion_estimator/lib/pkgconfig/fusion_estimator.pc'
[0.990s] Level 1:colcon.colcon_core.environment:checking '/home/smx/unitree_ros2_250221/unitree_sdk2_ws/install/fusion_estimator/lib/python3.10/site-packages'
[0.991s] Level 1:colcon.colcon_core.environment:checking '/home/smx/unitree_ros2_250221/unitree_sdk2_ws/install/fusion_estimator/bin'
[0.991s] INFO:colcon.colcon_core.shell:Creating package script '/home/smx/unitree_ros2_250221/unitree_sdk2_ws/install/fusion_estimator/share/fusion_estimator/package.ps1'
[0.991s] INFO:colcon.colcon_core.shell:Creating package descriptor '/home/smx/unitree_ros2_250221/unitree_sdk2_ws/install/fusion_estimator/share/fusion_estimator/package.dsv'
[0.992s] INFO:colcon.colcon_core.shell:Creating package script '/home/smx/unitree_ros2_250221/unitree_sdk2_ws/install/fusion_estimator/share/fusion_estimator/package.sh'
[0.992s] INFO:colcon.colcon_core.shell:Creating package script '/home/smx/unitree_ros2_250221/unitree_sdk2_ws/install/fusion_estimator/share/fusion_estimator/package.bash'
[0.992s] INFO:colcon.colcon_core.shell:Creating package script '/home/smx/unitree_ros2_250221/unitree_sdk2_ws/install/fusion_estimator/share/fusion_estimator/package.zsh'
[0.993s] Level 1:colcon.colcon_core.environment:create_file_with_runtime_dependencies(/home/smx/unitree_ros2_250221/unitree_sdk2_ws/install/fusion_estimator/share/colcon-core/packages/fusion_estimator)
[0.993s] Level 1:colcon.colcon_core.environment:create_environment_scripts_only(fusion_estimator)
[0.993s] Level 1:colcon.colcon_core.environment:checking '/home/smx/unitree_ros2_250221/unitree_sdk2_ws/install/fusion_estimator' for CMake module files
[0.994s] Level 1:colcon.colcon_core.environment:checking '/home/smx/unitree_ros2_250221/unitree_sdk2_ws/install/fusion_estimator' for CMake config files
[0.994s] Level 1:colcon.colcon_core.shell:create_environment_hook('fusion_estimator', 'cmake_prefix_path')
[0.994s] INFO:colcon.colcon_core.shell:Creating environment hook '/home/smx/unitree_ros2_250221/unitree_sdk2_ws/install/fusion_estimator/share/fusion_estimator/hook/cmake_prefix_path.ps1'
[0.994s] INFO:colcon.colcon_core.shell:Creating environment descriptor '/home/smx/unitree_ros2_250221/unitree_sdk2_ws/install/fusion_estimator/share/fusion_estimator/hook/cmake_prefix_path.dsv'
[0.995s] INFO:colcon.colcon_core.shell:Creating environment hook '/home/smx/unitree_ros2_250221/unitree_sdk2_ws/install/fusion_estimator/share/fusion_estimator/hook/cmake_prefix_path.sh'
[0.995s] Level 1:colcon.colcon_core.environment:checking '/home/smx/unitree_ros2_250221/unitree_sdk2_ws/install/fusion_estimator/lib'
[0.995s] Level 1:colcon.colcon_core.shell:create_environment_hook('fusion_estimator', 'ld_library_path_lib')
[0.995s] INFO:colcon.colcon_core.shell:Creating environment hook '/home/smx/unitree_ros2_250221/unitree_sdk2_ws/install/fusion_estimator/share/fusion_estimator/hook/ld_library_path_lib.ps1'
[0.996s] INFO:colcon.colcon_core.shell:Creating environment descriptor '/home/smx/unitree_ros2_250221/unitree_sdk2_ws/install/fusion_estimator/share/fusion_estimator/hook/ld_library_path_lib.dsv'
[0.996s] INFO:colcon.colcon_core.shell:Creating environment hook '/home/smx/unitree_ros2_250221/unitree_sdk2_ws/install/fusion_estimator/share/fusion_estimator/hook/ld_library_path_lib.sh'
[0.996s] Level 1:colcon.colcon_core.environment:checking '/home/smx/unitree_ros2_250221/unitree_sdk2_ws/install/fusion_estimator/bin'
[0.996s] Level 1:colcon.colcon_core.environment:checking '/home/smx/unitree_ros2_250221/unitree_sdk2_ws/install/fusion_estimator/lib/pkgconfig/fusion_estimator.pc'
[0.997s] Level 1:colcon.colcon_core.environment:checking '/home/smx/unitree_ros2_250221/unitree_sdk2_ws/install/fusion_estimator/lib/python3.10/site-packages'
[0.997s] Level 1:colcon.colcon_core.environment:checking '/home/smx/unitree_ros2_250221/unitree_sdk2_ws/install/fusion_estimator/bin'
[0.997s] INFO:colcon.colcon_core.shell:Creating package script '/home/smx/unitree_ros2_250221/unitree_sdk2_ws/install/fusion_estimator/share/fusion_estimator/package.ps1'
[0.998s] INFO:colcon.colcon_core.shell:Creating package descriptor '/home/smx/unitree_ros2_250221/unitree_sdk2_ws/install/fusion_estimator/share/fusion_estimator/package.dsv'
[0.998s] INFO:colcon.colcon_core.shell:Creating package script '/home/smx/unitree_ros2_250221/unitree_sdk2_ws/install/fusion_estimator/share/fusion_estimator/package.sh'
[0.998s] INFO:colcon.colcon_core.shell:Creating package script '/home/smx/unitree_ros2_250221/unitree_sdk2_ws/install/fusion_estimator/share/fusion_estimator/package.bash'
[0.999s] INFO:colcon.colcon_core.shell:Creating package script '/home/smx/unitree_ros2_250221/unitree_sdk2_ws/install/fusion_estimator/share/fusion_estimator/package.zsh'
[0.999s] Level 1:colcon.colcon_core.environment:create_file_with_runtime_dependencies(/home/smx/unitree_ros2_250221/unitree_sdk2_ws/install/fusion_estimator/share/colcon-core/packages/fusion_estimator)
[0.999s] DEBUG:colcon.colcon_parallel_executor.executor.parallel:closing loop
[1.000s] DEBUG:colcon.colcon_parallel_executor.executor.parallel:loop closed
[1.000s] DEBUG:colcon.colcon_parallel_executor.executor.parallel:run_until_complete finished with '0'
[1.000s] DEBUG:colcon.colcon_core.event_reactor:joining thread
[1.004s] INFO:colcon.colcon_core.plugin_system:Skipping extension 'colcon_notification.desktop_notification.terminal_notifier': Not used on non-Darwin systems
[1.004s] INFO:colcon.colcon_core.plugin_system:Skipping extension 'colcon_notification.desktop_notification.win32': Not used on non-Windows systems
[1.004s] INFO:colcon.colcon_notification.desktop_notification:Sending desktop notification using 'notify2'
[1.016s] DEBUG:colcon.colcon_core.event_reactor:joined thread
[1.016s] INFO:colcon.colcon_core.shell:Creating prefix script '/home/smx/unitree_ros2_250221/unitree_sdk2_ws/install/local_setup.ps1'
[1.017s] INFO:colcon.colcon_core.shell:Creating prefix util module '/home/smx/unitree_ros2_250221/unitree_sdk2_ws/install/_local_setup_util_ps1.py'
[1.019s] INFO:colcon.colcon_core.shell:Creating prefix chain script '/home/smx/unitree_ros2_250221/unitree_sdk2_ws/install/setup.ps1'
[1.020s] INFO:colcon.colcon_core.shell:Creating prefix script '/home/smx/unitree_ros2_250221/unitree_sdk2_ws/install/local_setup.sh'
[1.020s] INFO:colcon.colcon_core.shell:Creating prefix util module '/home/smx/unitree_ros2_250221/unitree_sdk2_ws/install/_local_setup_util_sh.py'
[1.021s] INFO:colcon.colcon_core.shell:Creating prefix chain script '/home/smx/unitree_ros2_250221/unitree_sdk2_ws/install/setup.sh'
[1.022s] INFO:colcon.colcon_core.shell:Creating prefix script '/home/smx/unitree_ros2_250221/unitree_sdk2_ws/install/local_setup.bash'
[1.023s] INFO:colcon.colcon_core.shell:Creating prefix chain script '/home/smx/unitree_ros2_250221/unitree_sdk2_ws/install/setup.bash'
[1.025s] INFO:colcon.colcon_core.shell:Creating prefix script '/home/smx/unitree_ros2_250221/unitree_sdk2_ws/install/local_setup.zsh'
[1.026s] INFO:colcon.colcon_core.shell:Creating prefix chain script '/home/smx/unitree_ros2_250221/unitree_sdk2_ws/install/setup.zsh'
