[0.008s] Invoking command in '/home/smx/unitree_ros2_250221/unitree_sdk2_ws/build/fusion_estimator': CMAKE_PREFIX_PATH=/home/smx/unitree_ros2_250221/unitree_sdk2_ws/install/unitree_sdk2:/home/smx/unitree_ros2_250221/unitree_sdk2_ws/install/joystick_control:/home/smx/unitree_ros2_250221/unitree_sdk2_ws/install/fusion_estimator:/opt/ros/humble LD_LIBRARY_PATH=/home/smx/unitree_ros2_250221/unitree_sdk2_ws/install/unitree_sdk2/lib:/home/smx/unitree_ros2_250221/unitree_sdk2_ws/install/fusion_estimator/lib:/opt/ros/humble/opt/rviz_ogre_vendor/lib:/opt/ros/humble/lib/x86_64-linux-gnu:/opt/ros/humble/lib /usr/bin/cmake /home/smx/unitree_ros2_250221/unitree_sdk2_ws/fusion_estimator -DCMAKE_INSTALL_PREFIX=/home/smx/unitree_ros2_250221/unitree_sdk2_ws/install/fusion_estimator
[0.058s] -- The C compiler identification is GNU 11.4.0
[0.110s] -- The CXX compiler identification is GNU 11.4.0
[0.116s] -- Detecting C compiler ABI info
[0.172s] -- Detecting C compiler ABI info - done
[0.180s] -- Check for working C compiler: /usr/bin/cc - skipped
[0.180s] -- Detecting C compile features
[0.181s] -- Detecting C compile features - done
[0.184s] -- Detecting CXX compiler ABI info
[0.246s] -- Detecting CXX compiler ABI info - done
[0.256s] -- Check for working CXX compiler: /usr/bin/c++ - skipped
[0.256s] -- Detecting CXX compile features
[0.257s] -- Detecting CXX compile features - done
[0.258s] -- Found ament_cmake: 1.3.11 (/opt/ros/humble/share/ament_cmake/cmake)
[0.389s] -- Found Python3: /usr/bin/python3 (found version "3.10.12") found components: Interpreter 
[0.475s] -- Found rclcpp: 16.0.11 (/opt/ros/humble/share/rclcpp/cmake)
[0.506s] -- Found rosidl_generator_c: 3.1.6 (/opt/ros/humble/share/rosidl_generator_c/cmake)
[0.510s] -- Found rosidl_adapter: 3.1.6 (/opt/ros/humble/share/rosidl_adapter/cmake)
[0.517s] -- Found rosidl_generator_cpp: 3.1.6 (/opt/ros/humble/share/rosidl_generator_cpp/cmake)
[0.526s] -- Using all available rosidl_typesupport_c: rosidl_typesupport_fastrtps_c;rosidl_typesupport_introspection_c
[0.540s] -- Using all available rosidl_typesupport_cpp: rosidl_typesupport_fastrtps_cpp;rosidl_typesupport_introspection_cpp
[0.582s] -- Found rmw_implementation_cmake: 6.1.2 (/opt/ros/humble/share/rmw_implementation_cmake/cmake)
[0.584s] -- Found rmw_fastrtps_cpp: 6.2.7 (/opt/ros/humble/share/rmw_fastrtps_cpp/cmake)
[0.648s] -- Found OpenSSL: /usr/lib/x86_64-linux-gnu/libcrypto.so (found version "3.0.2")  
[0.674s] -- Found FastRTPS: /opt/ros/humble/include  
[0.705s] -- Using RMW implementation 'rmw_fastrtps_cpp' as default
[0.711s] -- Looking for pthread.h
[0.772s] -- Looking for pthread.h - found
[0.772s] -- Performing Test CMAKE_HAVE_LIBC_PTHREAD
[0.832s] -- Performing Test CMAKE_HAVE_LIBC_PTHREAD - Success
[0.833s] -- Found Threads: TRUE  
[0.886s] -- Found sensor_msgs: 4.2.4 (/opt/ros/humble/share/sensor_msgs/cmake)
[0.918s] -- Found rosidl_default_generators: 1.2.0 (/opt/ros/humble/share/rosidl_default_generators/cmake)
[1.149s] -- Found ament_cmake_ros: 0.10.0 (/opt/ros/humble/share/ament_cmake_ros/cmake)
[1.418s] -- Using all available rosidl_typesupport_c: rosidl_typesupport_fastrtps_c;rosidl_typesupport_introspection_c
[1.526s] -- Using all available rosidl_typesupport_cpp: rosidl_typesupport_fastrtps_cpp;rosidl_typesupport_introspection_cpp
[1.546s] -- Found PythonInterp: /usr/bin/python3 (found suitable version "3.10.12", minimum required is "3.6") 
[1.547s] -- Found python_cmake_module: 0.10.0 (/opt/ros/humble/share/python_cmake_module/cmake)
[1.571s] -- Found PythonLibs: /usr/lib/x86_64-linux-gnu/libpython3.10.so (found suitable version "3.10.12", minimum required is "3.5") 
[1.571s] -- Using PYTHON_EXECUTABLE: /usr/bin/python3
[1.571s] -- Using PYTHON_INCLUDE_DIRS: /usr/include/python3.10
[1.571s] -- Using PYTHON_LIBRARIES: /usr/lib/x86_64-linux-gnu/libpython3.10.so
[1.591s] -- Found PythonExtra: .so  
[1.628s] -- Configuring done
[1.661s] -- Generating done
[1.678s] -- Build files have been written to: /home/smx/unitree_ros2_250221/unitree_sdk2_ws/build/fusion_estimator
[1.688s] Invoked command in '/home/smx/unitree_ros2_250221/unitree_sdk2_ws/build/fusion_estimator' returned '0': CMAKE_PREFIX_PATH=/home/smx/unitree_ros2_250221/unitree_sdk2_ws/install/unitree_sdk2:/home/smx/unitree_ros2_250221/unitree_sdk2_ws/install/joystick_control:/home/smx/unitree_ros2_250221/unitree_sdk2_ws/install/fusion_estimator:/opt/ros/humble LD_LIBRARY_PATH=/home/smx/unitree_ros2_250221/unitree_sdk2_ws/install/unitree_sdk2/lib:/home/smx/unitree_ros2_250221/unitree_sdk2_ws/install/fusion_estimator/lib:/opt/ros/humble/opt/rviz_ogre_vendor/lib:/opt/ros/humble/lib/x86_64-linux-gnu:/opt/ros/humble/lib /usr/bin/cmake /home/smx/unitree_ros2_250221/unitree_sdk2_ws/fusion_estimator -DCMAKE_INSTALL_PREFIX=/home/smx/unitree_ros2_250221/unitree_sdk2_ws/install/fusion_estimator
[1.690s] Invoking command in '/home/smx/unitree_ros2_250221/unitree_sdk2_ws/build/fusion_estimator': CMAKE_PREFIX_PATH=/home/smx/unitree_ros2_250221/unitree_sdk2_ws/install/unitree_sdk2:/home/smx/unitree_ros2_250221/unitree_sdk2_ws/install/joystick_control:/home/smx/unitree_ros2_250221/unitree_sdk2_ws/install/fusion_estimator:/opt/ros/humble LD_LIBRARY_PATH=/home/smx/unitree_ros2_250221/unitree_sdk2_ws/install/unitree_sdk2/lib:/home/smx/unitree_ros2_250221/unitree_sdk2_ws/install/fusion_estimator/lib:/opt/ros/humble/opt/rviz_ogre_vendor/lib:/opt/ros/humble/lib/x86_64-linux-gnu:/opt/ros/humble/lib /usr/bin/cmake --build /home/smx/unitree_ros2_250221/unitree_sdk2_ws/build/fusion_estimator -- -j8 -l8
[1.724s] [  3%] [34m[1mGenerating C code for ROS interfaces[0m
[1.732s] [  6%] [34m[1mGenerating C++ code for ROS interfaces[0m
[1.740s] [  6%] Built target ament_cmake_python_copy_fusion_estimator
[2.023s] running egg_info
[2.024s] creating fusion_estimator.egg-info
[2.024s] writing fusion_estimator.egg-info/PKG-INFO
[2.024s] writing dependency_links to fusion_estimator.egg-info/dependency_links.txt
[2.024s] writing top-level names to fusion_estimator.egg-info/top_level.txt
[2.024s] writing manifest file 'fusion_estimator.egg-info/SOURCES.txt'
[2.026s] reading manifest file 'fusion_estimator.egg-info/SOURCES.txt'
[2.027s] writing manifest file 'fusion_estimator.egg-info/SOURCES.txt'
[2.065s] [  6%] Built target ament_cmake_python_build_fusion_estimator_egg
[2.073s] [  6%] Built target fusion_estimator__cpp
[2.073s] [  9%] [32mBuilding C object CMakeFiles/fusion_estimator__rosidl_generator_c.dir/rosidl_generator_c/fusion_estimator/msg/detail/fusion_estimator_test__functions.c.o[0m
[2.083s] [ 12%] [34m[1mGenerating C++ type support dispatch for ROS interfaces[0m
[2.085s] [ 15%] [34m[1mGenerating C++ type support for eProsima Fast-RTPS[0m
[2.086s] [ 18%] [34m[1mGenerating C++ introspection for ROS interfaces[0m
[2.152s] [ 21%] [32m[1mLinking C shared library libfusion_estimator__rosidl_generator_c.so[0m
[2.210s] [ 21%] Built target fusion_estimator__rosidl_generator_c
[2.227s] [ 24%] [34m[1mGenerating C type support for eProsima Fast-RTPS[0m
[2.227s] [ 27%] [34m[1mGenerating C introspection for ROS interfaces[0m
[2.227s] [ 30%] [34m[1mGenerating C type support dispatch for ROS interfaces[0m
[2.535s] [ 33%] [32mBuilding CXX object CMakeFiles/fusion_estimator__rosidl_typesupport_cpp.dir/rosidl_typesupport_cpp/fusion_estimator/msg/fusion_estimator_test__type_support.cpp.o[0m
[2.556s] [ 36%] [32mBuilding CXX object CMakeFiles/fusion_estimator__rosidl_typesupport_introspection_cpp.dir/rosidl_typesupport_introspection_cpp/fusion_estimator/msg/detail/fusion_estimator_test__type_support.cpp.o[0m
[2.583s] [ 39%] [32mBuilding CXX object CMakeFiles/fusion_estimator__rosidl_typesupport_fastrtps_cpp.dir/rosidl_typesupport_fastrtps_cpp/fusion_estimator/msg/detail/dds_fastrtps/fusion_estimator_test__type_support.cpp.o[0m
[2.703s] [ 42%] [32mBuilding CXX object CMakeFiles/fusion_estimator__rosidl_typesupport_c.dir/rosidl_typesupport_c/fusion_estimator/msg/fusion_estimator_test__type_support.cpp.o[0m
[2.752s] [ 45%] [32m[1mLinking CXX shared library libfusion_estimator__rosidl_typesupport_c.so[0m
[2.793s] [ 48%] [32mBuilding CXX object CMakeFiles/fusion_estimator__rosidl_typesupport_fastrtps_c.dir/rosidl_typesupport_fastrtps_c/fusion_estimator/msg/detail/fusion_estimator_test__type_support_c.cpp.o[0m
[2.811s] [ 51%] [32mBuilding C object CMakeFiles/fusion_estimator__rosidl_typesupport_introspection_c.dir/rosidl_typesupport_introspection_c/fusion_estimator/msg/detail/fusion_estimator_test__type_support.c.o[0m
[2.811s] [ 51%] Built target fusion_estimator__rosidl_typesupport_c
[2.871s] [ 54%] [32m[1mLinking C shared library libfusion_estimator__rosidl_typesupport_introspection_c.so[0m
[2.902s] [ 54%] Built target fusion_estimator__rosidl_typesupport_introspection_c
[2.980s] [ 57%] [32m[1mLinking CXX shared library libfusion_estimator__rosidl_typesupport_cpp.so[0m
[3.046s] [ 57%] Built target fusion_estimator__rosidl_typesupport_cpp
[3.100s] [ 60%] [32mBuilding CXX object CMakeFiles/fusion_estimator_node.dir/src/fusion_estimator_node.cpp.o[0m
[3.192s] [ 63%] [32m[1mLinking CXX shared library libfusion_estimator__rosidl_typesupport_fastrtps_cpp.so[0m
[3.233s] [ 66%] [32m[1mLinking CXX shared library libfusion_estimator__rosidl_typesupport_introspection_cpp.so[0m
[3.313s] [ 69%] [32m[1mLinking CXX shared library libfusion_estimator__rosidl_typesupport_fastrtps_c.so[0m
[3.329s] [ 69%] Built target fusion_estimator__rosidl_typesupport_introspection_cpp
[3.329s] [ 69%] Built target fusion_estimator__rosidl_typesupport_fastrtps_cpp
[3.399s] [ 69%] Built target fusion_estimator__rosidl_typesupport_fastrtps_c
[3.416s] [ 69%] Built target fusion_estimator
[3.432s] [ 72%] [34m[1mGenerating Python code for ROS interfaces[0m
[3.810s] [ 72%] Built target fusion_estimator__py
[3.828s] [ 75%] [32mBuilding C object CMakeFiles/fusion_estimator__rosidl_generator_py.dir/rosidl_generator_py/fusion_estimator/msg/_fusion_estimator_test_s.c.o[0m
[3.955s] [ 78%] [32m[1mLinking C shared library rosidl_generator_py/fusion_estimator/libfusion_estimator__rosidl_generator_py.so[0m
[3.993s] [ 78%] Built target fusion_estimator__rosidl_generator_py
[4.013s] [ 84%] [32mBuilding C object CMakeFiles/fusion_estimator__rosidl_typesupport_c__pyext.dir/rosidl_generator_py/fusion_estimator/_fusion_estimator_s.ep.rosidl_typesupport_c.c.o[0m
[4.013s] [ 84%] [32mBuilding C object CMakeFiles/fusion_estimator__rosidl_typesupport_introspection_c__pyext.dir/rosidl_generator_py/fusion_estimator/_fusion_estimator_s.ep.rosidl_typesupport_introspection_c.c.o[0m
[4.020s] [ 87%] [32mBuilding C object CMakeFiles/fusion_estimator__rosidl_typesupport_fastrtps_c__pyext.dir/rosidl_generator_py/fusion_estimator/_fusion_estimator_s.ep.rosidl_typesupport_fastrtps_c.c.o[0m
[4.119s] [ 90%] [32m[1mLinking C shared library rosidl_generator_py/fusion_estimator/fusion_estimator_s__rosidl_typesupport_c.cpython-310-x86_64-linux-gnu.so[0m
[4.156s] [ 90%] Built target fusion_estimator__rosidl_typesupport_c__pyext
[4.174s] [ 93%] [32m[1mLinking C shared library rosidl_generator_py/fusion_estimator/fusion_estimator_s__rosidl_typesupport_introspection_c.cpython-310-x86_64-linux-gnu.so[0m
[4.183s] [ 96%] [32m[1mLinking C shared library rosidl_generator_py/fusion_estimator/fusion_estimator_s__rosidl_typesupport_fastrtps_c.cpython-310-x86_64-linux-gnu.so[0m
[4.211s] [ 96%] Built target fusion_estimator__rosidl_typesupport_introspection_c__pyext
[4.220s] [ 96%] Built target fusion_estimator__rosidl_typesupport_fastrtps_c__pyext
[9.903s] [100%] [32m[1mLinking CXX executable fusion_estimator_node[0m
[10.419s] [100%] Built target fusion_estimator_node
[10.429s] Invoked command in '/home/smx/unitree_ros2_250221/unitree_sdk2_ws/build/fusion_estimator' returned '0': CMAKE_PREFIX_PATH=/home/smx/unitree_ros2_250221/unitree_sdk2_ws/install/unitree_sdk2:/home/smx/unitree_ros2_250221/unitree_sdk2_ws/install/joystick_control:/home/smx/unitree_ros2_250221/unitree_sdk2_ws/install/fusion_estimator:/opt/ros/humble LD_LIBRARY_PATH=/home/smx/unitree_ros2_250221/unitree_sdk2_ws/install/unitree_sdk2/lib:/home/smx/unitree_ros2_250221/unitree_sdk2_ws/install/fusion_estimator/lib:/opt/ros/humble/opt/rviz_ogre_vendor/lib:/opt/ros/humble/lib/x86_64-linux-gnu:/opt/ros/humble/lib /usr/bin/cmake --build /home/smx/unitree_ros2_250221/unitree_sdk2_ws/build/fusion_estimator -- -j8 -l8
[10.430s] Invoking command in '/home/smx/unitree_ros2_250221/unitree_sdk2_ws/build/fusion_estimator': CMAKE_PREFIX_PATH=/home/smx/unitree_ros2_250221/unitree_sdk2_ws/install/unitree_sdk2:/home/smx/unitree_ros2_250221/unitree_sdk2_ws/install/joystick_control:/home/smx/unitree_ros2_250221/unitree_sdk2_ws/install/fusion_estimator:/opt/ros/humble LD_LIBRARY_PATH=/home/smx/unitree_ros2_250221/unitree_sdk2_ws/install/unitree_sdk2/lib:/home/smx/unitree_ros2_250221/unitree_sdk2_ws/install/fusion_estimator/lib:/opt/ros/humble/opt/rviz_ogre_vendor/lib:/opt/ros/humble/lib/x86_64-linux-gnu:/opt/ros/humble/lib /usr/bin/cmake --install /home/smx/unitree_ros2_250221/unitree_sdk2_ws/build/fusion_estimator
[10.437s] -- Install configuration: ""
[10.437s] -- Installing: /home/smx/unitree_ros2_250221/unitree_sdk2_ws/install/fusion_estimator/share/ament_index/resource_index/rosidl_interfaces/fusion_estimator
[10.437s] -- Installing: /home/smx/unitree_ros2_250221/unitree_sdk2_ws/install/fusion_estimator/include/fusion_estimator/fusion_estimator
[10.437s] -- Installing: /home/smx/unitree_ros2_250221/unitree_sdk2_ws/install/fusion_estimator/include/fusion_estimator/fusion_estimator/msg
[10.438s] -- Installing: /home/smx/unitree_ros2_250221/unitree_sdk2_ws/install/fusion_estimator/include/fusion_estimator/fusion_estimator/msg/fusion_estimator_test.h
[10.438s] -- Installing: /home/smx/unitree_ros2_250221/unitree_sdk2_ws/install/fusion_estimator/include/fusion_estimator/fusion_estimator/msg/detail
[10.438s] -- Installing: /home/smx/unitree_ros2_250221/unitree_sdk2_ws/install/fusion_estimator/include/fusion_estimator/fusion_estimator/msg/detail/fusion_estimator_test__type_support.h
[10.438s] -- Installing: /home/smx/unitree_ros2_250221/unitree_sdk2_ws/install/fusion_estimator/include/fusion_estimator/fusion_estimator/msg/detail/fusion_estimator_test__struct.h
[10.438s] -- Installing: /home/smx/unitree_ros2_250221/unitree_sdk2_ws/install/fusion_estimator/include/fusion_estimator/fusion_estimator/msg/detail/fusion_estimator_test__functions.h
[10.438s] -- Installing: /home/smx/unitree_ros2_250221/unitree_sdk2_ws/install/fusion_estimator/include/fusion_estimator/fusion_estimator/msg/detail/fusion_estimator_test__functions.c
[10.438s] -- Installing: /home/smx/unitree_ros2_250221/unitree_sdk2_ws/install/fusion_estimator/include/fusion_estimator/fusion_estimator/msg/rosidl_generator_c__visibility_control.h
[10.438s] -- Installing: /home/smx/unitree_ros2_250221/unitree_sdk2_ws/install/fusion_estimator/share/fusion_estimator/environment/library_path.sh
[10.439s] -- Installing: /home/smx/unitree_ros2_250221/unitree_sdk2_ws/install/fusion_estimator/share/fusion_estimator/environment/library_path.dsv
[10.439s] -- Installing: /home/smx/unitree_ros2_250221/unitree_sdk2_ws/install/fusion_estimator/lib/libfusion_estimator__rosidl_generator_c.so
[10.439s] -- Set runtime path of "/home/smx/unitree_ros2_250221/unitree_sdk2_ws/install/fusion_estimator/lib/libfusion_estimator__rosidl_generator_c.so" to ""
[10.439s] -- Up-to-date: /home/smx/unitree_ros2_250221/unitree_sdk2_ws/install/fusion_estimator/include/fusion_estimator/fusion_estimator
[10.439s] -- Up-to-date: /home/smx/unitree_ros2_250221/unitree_sdk2_ws/install/fusion_estimator/include/fusion_estimator/fusion_estimator/msg
[10.439s] -- Up-to-date: /home/smx/unitree_ros2_250221/unitree_sdk2_ws/install/fusion_estimator/include/fusion_estimator/fusion_estimator/msg/detail
[10.439s] -- Installing: /home/smx/unitree_ros2_250221/unitree_sdk2_ws/install/fusion_estimator/include/fusion_estimator/fusion_estimator/msg/detail/fusion_estimator_test__rosidl_typesupport_fastrtps_c.h
[10.439s] -- Installing: /home/smx/unitree_ros2_250221/unitree_sdk2_ws/install/fusion_estimator/include/fusion_estimator/fusion_estimator/msg/rosidl_typesupport_fastrtps_c__visibility_control.h
[10.439s] -- Installing: /home/smx/unitree_ros2_250221/unitree_sdk2_ws/install/fusion_estimator/lib/libfusion_estimator__rosidl_typesupport_fastrtps_c.so
[10.440s] -- Set runtime path of "/home/smx/unitree_ros2_250221/unitree_sdk2_ws/install/fusion_estimator/lib/libfusion_estimator__rosidl_typesupport_fastrtps_c.so" to ""
[10.440s] -- Up-to-date: /home/smx/unitree_ros2_250221/unitree_sdk2_ws/install/fusion_estimator/include/fusion_estimator/fusion_estimator
[10.440s] -- Up-to-date: /home/smx/unitree_ros2_250221/unitree_sdk2_ws/install/fusion_estimator/include/fusion_estimator/fusion_estimator/msg
[10.440s] -- Installing: /home/smx/unitree_ros2_250221/unitree_sdk2_ws/install/fusion_estimator/include/fusion_estimator/fusion_estimator/msg/rosidl_generator_cpp__visibility_control.hpp
[10.440s] -- Up-to-date: /home/smx/unitree_ros2_250221/unitree_sdk2_ws/install/fusion_estimator/include/fusion_estimator/fusion_estimator/msg/detail
[10.440s] -- Installing: /home/smx/unitree_ros2_250221/unitree_sdk2_ws/install/fusion_estimator/include/fusion_estimator/fusion_estimator/msg/detail/fusion_estimator_test__struct.hpp
[10.440s] -- Installing: /home/smx/unitree_ros2_250221/unitree_sdk2_ws/install/fusion_estimator/include/fusion_estimator/fusion_estimator/msg/detail/fusion_estimator_test__builder.hpp
[10.440s] -- Installing: /home/smx/unitree_ros2_250221/unitree_sdk2_ws/install/fusion_estimator/include/fusion_estimator/fusion_estimator/msg/detail/fusion_estimator_test__type_support.hpp
[10.440s] -- Installing: /home/smx/unitree_ros2_250221/unitree_sdk2_ws/install/fusion_estimator/include/fusion_estimator/fusion_estimator/msg/detail/fusion_estimator_test__traits.hpp
[10.441s] -- Installing: /home/smx/unitree_ros2_250221/unitree_sdk2_ws/install/fusion_estimator/include/fusion_estimator/fusion_estimator/msg/fusion_estimator_test.hpp
[10.441s] -- Up-to-date: /home/smx/unitree_ros2_250221/unitree_sdk2_ws/install/fusion_estimator/include/fusion_estimator/fusion_estimator
[10.441s] -- Up-to-date: /home/smx/unitree_ros2_250221/unitree_sdk2_ws/install/fusion_estimator/include/fusion_estimator/fusion_estimator/msg
[10.441s] -- Installing: /home/smx/unitree_ros2_250221/unitree_sdk2_ws/install/fusion_estimator/include/fusion_estimator/fusion_estimator/msg/rosidl_typesupport_fastrtps_cpp__visibility_control.h
[10.441s] -- Up-to-date: /home/smx/unitree_ros2_250221/unitree_sdk2_ws/install/fusion_estimator/include/fusion_estimator/fusion_estimator/msg/detail
[10.441s] -- Installing: /home/smx/unitree_ros2_250221/unitree_sdk2_ws/install/fusion_estimator/include/fusion_estimator/fusion_estimator/msg/detail/fusion_estimator_test__rosidl_typesupport_fastrtps_cpp.hpp
[10.441s] -- Installing: /home/smx/unitree_ros2_250221/unitree_sdk2_ws/install/fusion_estimator/include/fusion_estimator/fusion_estimator/msg/detail/dds_fastrtps
[10.441s] -- Installing: /home/smx/unitree_ros2_250221/unitree_sdk2_ws/install/fusion_estimator/lib/libfusion_estimator__rosidl_typesupport_fastrtps_cpp.so
[10.442s] -- Set runtime path of "/home/smx/unitree_ros2_250221/unitree_sdk2_ws/install/fusion_estimator/lib/libfusion_estimator__rosidl_typesupport_fastrtps_cpp.so" to ""
[10.442s] -- Up-to-date: /home/smx/unitree_ros2_250221/unitree_sdk2_ws/install/fusion_estimator/include/fusion_estimator/fusion_estimator
[10.442s] -- Up-to-date: /home/smx/unitree_ros2_250221/unitree_sdk2_ws/install/fusion_estimator/include/fusion_estimator/fusion_estimator/msg
[10.442s] -- Installing: /home/smx/unitree_ros2_250221/unitree_sdk2_ws/install/fusion_estimator/include/fusion_estimator/fusion_estimator/msg/rosidl_typesupport_introspection_c__visibility_control.h
[10.442s] -- Up-to-date: /home/smx/unitree_ros2_250221/unitree_sdk2_ws/install/fusion_estimator/include/fusion_estimator/fusion_estimator/msg/detail
[10.442s] -- Installing: /home/smx/unitree_ros2_250221/unitree_sdk2_ws/install/fusion_estimator/include/fusion_estimator/fusion_estimator/msg/detail/fusion_estimator_test__rosidl_typesupport_introspection_c.h
[10.442s] -- Installing: /home/smx/unitree_ros2_250221/unitree_sdk2_ws/install/fusion_estimator/include/fusion_estimator/fusion_estimator/msg/detail/fusion_estimator_test__type_support.c
[10.442s] -- Installing: /home/smx/unitree_ros2_250221/unitree_sdk2_ws/install/fusion_estimator/lib/libfusion_estimator__rosidl_typesupport_introspection_c.so
[10.442s] -- Set runtime path of "/home/smx/unitree_ros2_250221/unitree_sdk2_ws/install/fusion_estimator/lib/libfusion_estimator__rosidl_typesupport_introspection_c.so" to ""
[10.442s] -- Installing: /home/smx/unitree_ros2_250221/unitree_sdk2_ws/install/fusion_estimator/lib/libfusion_estimator__rosidl_typesupport_c.so
[10.443s] -- Set runtime path of "/home/smx/unitree_ros2_250221/unitree_sdk2_ws/install/fusion_estimator/lib/libfusion_estimator__rosidl_typesupport_c.so" to ""
[10.443s] -- Up-to-date: /home/smx/unitree_ros2_250221/unitree_sdk2_ws/install/fusion_estimator/include/fusion_estimator/fusion_estimator
[10.443s] -- Up-to-date: /home/smx/unitree_ros2_250221/unitree_sdk2_ws/install/fusion_estimator/include/fusion_estimator/fusion_estimator/msg
[10.443s] -- Up-to-date: /home/smx/unitree_ros2_250221/unitree_sdk2_ws/install/fusion_estimator/include/fusion_estimator/fusion_estimator/msg/detail
[10.443s] -- Installing: /home/smx/unitree_ros2_250221/unitree_sdk2_ws/install/fusion_estimator/include/fusion_estimator/fusion_estimator/msg/detail/fusion_estimator_test__type_support.cpp
[10.443s] -- Installing: /home/smx/unitree_ros2_250221/unitree_sdk2_ws/install/fusion_estimator/include/fusion_estimator/fusion_estimator/msg/detail/fusion_estimator_test__rosidl_typesupport_introspection_cpp.hpp
[10.443s] -- Installing: /home/smx/unitree_ros2_250221/unitree_sdk2_ws/install/fusion_estimator/lib/libfusion_estimator__rosidl_typesupport_introspection_cpp.so
[10.443s] -- Set runtime path of "/home/smx/unitree_ros2_250221/unitree_sdk2_ws/install/fusion_estimator/lib/libfusion_estimator__rosidl_typesupport_introspection_cpp.so" to ""
[10.443s] -- Installing: /home/smx/unitree_ros2_250221/unitree_sdk2_ws/install/fusion_estimator/lib/libfusion_estimator__rosidl_typesupport_cpp.so
[10.443s] -- Set runtime path of "/home/smx/unitree_ros2_250221/unitree_sdk2_ws/install/fusion_estimator/lib/libfusion_estimator__rosidl_typesupport_cpp.so" to ""
[10.444s] -- Installing: /home/smx/unitree_ros2_250221/unitree_sdk2_ws/install/fusion_estimator/share/fusion_estimator/environment/pythonpath.sh
[10.444s] -- Installing: /home/smx/unitree_ros2_250221/unitree_sdk2_ws/install/fusion_estimator/share/fusion_estimator/environment/pythonpath.dsv
[10.444s] -- Installing: /home/smx/unitree_ros2_250221/unitree_sdk2_ws/install/fusion_estimator/local/lib/python3.10/dist-packages/fusion_estimator-0.0.0-py3.10.egg-info
[10.444s] -- Installing: /home/smx/unitree_ros2_250221/unitree_sdk2_ws/install/fusion_estimator/local/lib/python3.10/dist-packages/fusion_estimator-0.0.0-py3.10.egg-info/PKG-INFO
[10.444s] -- Installing: /home/smx/unitree_ros2_250221/unitree_sdk2_ws/install/fusion_estimator/local/lib/python3.10/dist-packages/fusion_estimator-0.0.0-py3.10.egg-info/dependency_links.txt
[10.444s] -- Installing: /home/smx/unitree_ros2_250221/unitree_sdk2_ws/install/fusion_estimator/local/lib/python3.10/dist-packages/fusion_estimator-0.0.0-py3.10.egg-info/top_level.txt
[10.444s] -- Installing: /home/smx/unitree_ros2_250221/unitree_sdk2_ws/install/fusion_estimator/local/lib/python3.10/dist-packages/fusion_estimator-0.0.0-py3.10.egg-info/SOURCES.txt
[10.444s] -- Installing: /home/smx/unitree_ros2_250221/unitree_sdk2_ws/install/fusion_estimator/local/lib/python3.10/dist-packages/fusion_estimator
[10.444s] -- Installing: /home/smx/unitree_ros2_250221/unitree_sdk2_ws/install/fusion_estimator/local/lib/python3.10/dist-packages/fusion_estimator/_fusion_estimator_s.ep.rosidl_typesupport_c.c
[10.444s] -- Installing: /home/smx/unitree_ros2_250221/unitree_sdk2_ws/install/fusion_estimator/local/lib/python3.10/dist-packages/fusion_estimator/fusion_estimator_s__rosidl_typesupport_c.cpython-310-x86_64-linux-gnu.so
[10.445s] -- Installing: /home/smx/unitree_ros2_250221/unitree_sdk2_ws/install/fusion_estimator/local/lib/python3.10/dist-packages/fusion_estimator/__init__.py
[10.445s] -- Installing: /home/smx/unitree_ros2_250221/unitree_sdk2_ws/install/fusion_estimator/local/lib/python3.10/dist-packages/fusion_estimator/msg
[10.445s] -- Installing: /home/smx/unitree_ros2_250221/unitree_sdk2_ws/install/fusion_estimator/local/lib/python3.10/dist-packages/fusion_estimator/msg/__init__.py
[10.445s] -- Installing: /home/smx/unitree_ros2_250221/unitree_sdk2_ws/install/fusion_estimator/local/lib/python3.10/dist-packages/fusion_estimator/msg/_fusion_estimator_test.py
[10.445s] -- Installing: /home/smx/unitree_ros2_250221/unitree_sdk2_ws/install/fusion_estimator/local/lib/python3.10/dist-packages/fusion_estimator/msg/_fusion_estimator_test_s.c
[10.445s] -- Installing: /home/smx/unitree_ros2_250221/unitree_sdk2_ws/install/fusion_estimator/local/lib/python3.10/dist-packages/fusion_estimator/_fusion_estimator_s.ep.rosidl_typesupport_fastrtps_c.c
[10.445s] -- Installing: /home/smx/unitree_ros2_250221/unitree_sdk2_ws/install/fusion_estimator/local/lib/python3.10/dist-packages/fusion_estimator/fusion_estimator_s__rosidl_typesupport_introspection_c.cpython-310-x86_64-linux-gnu.so
[10.445s] -- Installing: /home/smx/unitree_ros2_250221/unitree_sdk2_ws/install/fusion_estimator/local/lib/python3.10/dist-packages/fusion_estimator/_fusion_estimator_s.ep.rosidl_typesupport_introspection_c.c
[10.445s] -- Installing: /home/smx/unitree_ros2_250221/unitree_sdk2_ws/install/fusion_estimator/local/lib/python3.10/dist-packages/fusion_estimator/libfusion_estimator__rosidl_generator_py.so
[10.445s] -- Installing: /home/smx/unitree_ros2_250221/unitree_sdk2_ws/install/fusion_estimator/local/lib/python3.10/dist-packages/fusion_estimator/fusion_estimator_s__rosidl_typesupport_fastrtps_c.cpython-310-x86_64-linux-gnu.so
[10.482s] Listing '/home/smx/unitree_ros2_250221/unitree_sdk2_ws/install/fusion_estimator/local/lib/python3.10/dist-packages/fusion_estimator'...
[10.482s] Compiling '/home/smx/unitree_ros2_250221/unitree_sdk2_ws/install/fusion_estimator/local/lib/python3.10/dist-packages/fusion_estimator/__init__.py'...
[10.482s] Listing '/home/smx/unitree_ros2_250221/unitree_sdk2_ws/install/fusion_estimator/local/lib/python3.10/dist-packages/fusion_estimator/msg'...
[10.482s] Compiling '/home/smx/unitree_ros2_250221/unitree_sdk2_ws/install/fusion_estimator/local/lib/python3.10/dist-packages/fusion_estimator/msg/__init__.py'...
[10.482s] Compiling '/home/smx/unitree_ros2_250221/unitree_sdk2_ws/install/fusion_estimator/local/lib/python3.10/dist-packages/fusion_estimator/msg/_fusion_estimator_test.py'...
[10.488s] -- Installing: /home/smx/unitree_ros2_250221/unitree_sdk2_ws/install/fusion_estimator/local/lib/python3.10/dist-packages/fusion_estimator/fusion_estimator_s__rosidl_typesupport_fastrtps_c.cpython-310-x86_64-linux-gnu.so
[10.488s] -- Set runtime path of "/home/smx/unitree_ros2_250221/unitree_sdk2_ws/install/fusion_estimator/local/lib/python3.10/dist-packages/fusion_estimator/fusion_estimator_s__rosidl_typesupport_fastrtps_c.cpython-310-x86_64-linux-gnu.so" to ""
[10.488s] -- Installing: /home/smx/unitree_ros2_250221/unitree_sdk2_ws/install/fusion_estimator/local/lib/python3.10/dist-packages/fusion_estimator/fusion_estimator_s__rosidl_typesupport_introspection_c.cpython-310-x86_64-linux-gnu.so
[10.488s] -- Set runtime path of "/home/smx/unitree_ros2_250221/unitree_sdk2_ws/install/fusion_estimator/local/lib/python3.10/dist-packages/fusion_estimator/fusion_estimator_s__rosidl_typesupport_introspection_c.cpython-310-x86_64-linux-gnu.so" to ""
[10.488s] -- Installing: /home/smx/unitree_ros2_250221/unitree_sdk2_ws/install/fusion_estimator/local/lib/python3.10/dist-packages/fusion_estimator/fusion_estimator_s__rosidl_typesupport_c.cpython-310-x86_64-linux-gnu.so
[10.489s] -- Set runtime path of "/home/smx/unitree_ros2_250221/unitree_sdk2_ws/install/fusion_estimator/local/lib/python3.10/dist-packages/fusion_estimator/fusion_estimator_s__rosidl_typesupport_c.cpython-310-x86_64-linux-gnu.so" to ""
[10.489s] -- Installing: /home/smx/unitree_ros2_250221/unitree_sdk2_ws/install/fusion_estimator/lib/libfusion_estimator__rosidl_generator_py.so
[10.489s] -- Set runtime path of "/home/smx/unitree_ros2_250221/unitree_sdk2_ws/install/fusion_estimator/lib/libfusion_estimator__rosidl_generator_py.so" to ""
[10.489s] -- Installing: /home/smx/unitree_ros2_250221/unitree_sdk2_ws/install/fusion_estimator/share/fusion_estimator/msg/FusionEstimatorTest.idl
[10.489s] -- Installing: /home/smx/unitree_ros2_250221/unitree_sdk2_ws/install/fusion_estimator/share/fusion_estimator/msg/FusionEstimatorTest.msg
[10.490s] -- Installing: /home/smx/unitree_ros2_250221/unitree_sdk2_ws/install/fusion_estimator/lib/fusion_estimator/fusion_estimator_node
[10.494s] -- Set runtime path of "/home/smx/unitree_ros2_250221/unitree_sdk2_ws/install/fusion_estimator/lib/fusion_estimator/fusion_estimator_node" to ""
[10.494s] -- Installing: /home/smx/unitree_ros2_250221/unitree_sdk2_ws/install/fusion_estimator/share/ament_index/resource_index/package_run_dependencies/fusion_estimator
[10.494s] -- Installing: /home/smx/unitree_ros2_250221/unitree_sdk2_ws/install/fusion_estimator/share/ament_index/resource_index/parent_prefix_path/fusion_estimator
[10.494s] -- Installing: /home/smx/unitree_ros2_250221/unitree_sdk2_ws/install/fusion_estimator/share/fusion_estimator/environment/ament_prefix_path.sh
[10.494s] -- Installing: /home/smx/unitree_ros2_250221/unitree_sdk2_ws/install/fusion_estimator/share/fusion_estimator/environment/ament_prefix_path.dsv
[10.494s] -- Installing: /home/smx/unitree_ros2_250221/unitree_sdk2_ws/install/fusion_estimator/share/fusion_estimator/environment/path.sh
[10.494s] -- Installing: /home/smx/unitree_ros2_250221/unitree_sdk2_ws/install/fusion_estimator/share/fusion_estimator/environment/path.dsv
[10.494s] -- Installing: /home/smx/unitree_ros2_250221/unitree_sdk2_ws/install/fusion_estimator/share/fusion_estimator/local_setup.bash
[10.494s] -- Installing: /home/smx/unitree_ros2_250221/unitree_sdk2_ws/install/fusion_estimator/share/fusion_estimator/local_setup.sh
[10.495s] -- Installing: /home/smx/unitree_ros2_250221/unitree_sdk2_ws/install/fusion_estimator/share/fusion_estimator/local_setup.zsh
[10.495s] -- Installing: /home/smx/unitree_ros2_250221/unitree_sdk2_ws/install/fusion_estimator/share/fusion_estimator/local_setup.dsv
[10.495s] -- Installing: /home/smx/unitree_ros2_250221/unitree_sdk2_ws/install/fusion_estimator/share/fusion_estimator/package.dsv
[10.495s] -- Installing: /home/smx/unitree_ros2_250221/unitree_sdk2_ws/install/fusion_estimator/share/ament_index/resource_index/packages/fusion_estimator
[10.495s] -- Installing: /home/smx/unitree_ros2_250221/unitree_sdk2_ws/install/fusion_estimator/share/fusion_estimator/cmake/export_fusion_estimator__rosidl_generator_cExport.cmake
[10.495s] -- Installing: /home/smx/unitree_ros2_250221/unitree_sdk2_ws/install/fusion_estimator/share/fusion_estimator/cmake/export_fusion_estimator__rosidl_generator_cExport-noconfig.cmake
[10.495s] -- Installing: /home/smx/unitree_ros2_250221/unitree_sdk2_ws/install/fusion_estimator/share/fusion_estimator/cmake/export_fusion_estimator__rosidl_typesupport_fastrtps_cExport.cmake
[10.495s] -- Installing: /home/smx/unitree_ros2_250221/unitree_sdk2_ws/install/fusion_estimator/share/fusion_estimator/cmake/export_fusion_estimator__rosidl_typesupport_fastrtps_cExport-noconfig.cmake
[10.495s] -- Installing: /home/smx/unitree_ros2_250221/unitree_sdk2_ws/install/fusion_estimator/share/fusion_estimator/cmake/export_fusion_estimator__rosidl_generator_cppExport.cmake
[10.496s] -- Installing: /home/smx/unitree_ros2_250221/unitree_sdk2_ws/install/fusion_estimator/share/fusion_estimator/cmake/export_fusion_estimator__rosidl_typesupport_fastrtps_cppExport.cmake
[10.496s] -- Installing: /home/smx/unitree_ros2_250221/unitree_sdk2_ws/install/fusion_estimator/share/fusion_estimator/cmake/export_fusion_estimator__rosidl_typesupport_fastrtps_cppExport-noconfig.cmake
[10.496s] -- Installing: /home/smx/unitree_ros2_250221/unitree_sdk2_ws/install/fusion_estimator/share/fusion_estimator/cmake/fusion_estimator__rosidl_typesupport_introspection_cExport.cmake
[10.496s] -- Installing: /home/smx/unitree_ros2_250221/unitree_sdk2_ws/install/fusion_estimator/share/fusion_estimator/cmake/fusion_estimator__rosidl_typesupport_introspection_cExport-noconfig.cmake
[10.496s] -- Installing: /home/smx/unitree_ros2_250221/unitree_sdk2_ws/install/fusion_estimator/share/fusion_estimator/cmake/fusion_estimator__rosidl_typesupport_cExport.cmake
[10.496s] -- Installing: /home/smx/unitree_ros2_250221/unitree_sdk2_ws/install/fusion_estimator/share/fusion_estimator/cmake/fusion_estimator__rosidl_typesupport_cExport-noconfig.cmake
[10.496s] -- Installing: /home/smx/unitree_ros2_250221/unitree_sdk2_ws/install/fusion_estimator/share/fusion_estimator/cmake/fusion_estimator__rosidl_typesupport_introspection_cppExport.cmake
[10.496s] -- Installing: /home/smx/unitree_ros2_250221/unitree_sdk2_ws/install/fusion_estimator/share/fusion_estimator/cmake/fusion_estimator__rosidl_typesupport_introspection_cppExport-noconfig.cmake
[10.496s] -- Installing: /home/smx/unitree_ros2_250221/unitree_sdk2_ws/install/fusion_estimator/share/fusion_estimator/cmake/fusion_estimator__rosidl_typesupport_cppExport.cmake
[10.497s] -- Installing: /home/smx/unitree_ros2_250221/unitree_sdk2_ws/install/fusion_estimator/share/fusion_estimator/cmake/fusion_estimator__rosidl_typesupport_cppExport-noconfig.cmake
[10.497s] -- Installing: /home/smx/unitree_ros2_250221/unitree_sdk2_ws/install/fusion_estimator/share/fusion_estimator/cmake/export_fusion_estimator__rosidl_generator_pyExport.cmake
[10.497s] -- Installing: /home/smx/unitree_ros2_250221/unitree_sdk2_ws/install/fusion_estimator/share/fusion_estimator/cmake/export_fusion_estimator__rosidl_generator_pyExport-noconfig.cmake
[10.497s] -- Installing: /home/smx/unitree_ros2_250221/unitree_sdk2_ws/install/fusion_estimator/share/fusion_estimator/cmake/rosidl_cmake-extras.cmake
[10.497s] -- Installing: /home/smx/unitree_ros2_250221/unitree_sdk2_ws/install/fusion_estimator/share/fusion_estimator/cmake/ament_cmake_export_dependencies-extras.cmake
[10.497s] -- Installing: /home/smx/unitree_ros2_250221/unitree_sdk2_ws/install/fusion_estimator/share/fusion_estimator/cmake/ament_cmake_export_include_directories-extras.cmake
[10.497s] -- Installing: /home/smx/unitree_ros2_250221/unitree_sdk2_ws/install/fusion_estimator/share/fusion_estimator/cmake/ament_cmake_export_libraries-extras.cmake
[10.497s] -- Installing: /home/smx/unitree_ros2_250221/unitree_sdk2_ws/install/fusion_estimator/share/fusion_estimator/cmake/ament_cmake_export_targets-extras.cmake
[10.497s] -- Installing: /home/smx/unitree_ros2_250221/unitree_sdk2_ws/install/fusion_estimator/share/fusion_estimator/cmake/rosidl_cmake_export_typesupport_targets-extras.cmake
[10.498s] -- Installing: /home/smx/unitree_ros2_250221/unitree_sdk2_ws/install/fusion_estimator/share/fusion_estimator/cmake/rosidl_cmake_export_typesupport_libraries-extras.cmake
[10.498s] -- Installing: /home/smx/unitree_ros2_250221/unitree_sdk2_ws/install/fusion_estimator/share/fusion_estimator/cmake/fusion_estimatorConfig.cmake
[10.498s] -- Installing: /home/smx/unitree_ros2_250221/unitree_sdk2_ws/install/fusion_estimator/share/fusion_estimator/cmake/fusion_estimatorConfig-version.cmake
[10.498s] -- Installing: /home/smx/unitree_ros2_250221/unitree_sdk2_ws/install/fusion_estimator/share/fusion_estimator/package.xml
[10.500s] Invoked command in '/home/smx/unitree_ros2_250221/unitree_sdk2_ws/build/fusion_estimator' returned '0': CMAKE_PREFIX_PATH=/home/smx/unitree_ros2_250221/unitree_sdk2_ws/install/unitree_sdk2:/home/smx/unitree_ros2_250221/unitree_sdk2_ws/install/joystick_control:/home/smx/unitree_ros2_250221/unitree_sdk2_ws/install/fusion_estimator:/opt/ros/humble LD_LIBRARY_PATH=/home/smx/unitree_ros2_250221/unitree_sdk2_ws/install/unitree_sdk2/lib:/home/smx/unitree_ros2_250221/unitree_sdk2_ws/install/fusion_estimator/lib:/opt/ros/humble/opt/rviz_ogre_vendor/lib:/opt/ros/humble/lib/x86_64-linux-gnu:/opt/ros/humble/lib /usr/bin/cmake --install /home/smx/unitree_ros2_250221/unitree_sdk2_ws/build/fusion_estimator
