[0.008s] Invoking command in '/home/smx/unitree_ros2_250221/unitree_sdk2_ws/build/joystick_control': CMAKE_PREFIX_PATH=/home/smx/unitree_ros2_250221/unitree_sdk2_ws/install/unitree_sdk2:/home/smx/unitree_ros2_250221/unitree_sdk2_ws/install/joystick_control:/home/smx/unitree_ros2_250221/unitree_sdk2_ws/install/fusion_estimator:/opt/ros/humble LD_LIBRARY_PATH=/home/smx/unitree_ros2_250221/unitree_sdk2_ws/install/unitree_sdk2/lib:/home/smx/unitree_ros2_250221/unitree_sdk2_ws/install/fusion_estimator/lib:/opt/ros/humble/opt/rviz_ogre_vendor/lib:/opt/ros/humble/lib/x86_64-linux-gnu:/opt/ros/humble/lib /usr/bin/cmake /home/smx/unitree_ros2_250221/unitree_sdk2_ws/joystick_control -DCMAKE_INSTALL_PREFIX=/home/smx/unitree_ros2_250221/unitree_sdk2_ws/install/joystick_control
[0.056s] -- The C compiler identification is GNU 11.4.0
[0.109s] -- The CXX compiler identification is GNU 11.4.0
[0.115s] -- Detecting C compiler ABI info
[0.173s] -- Detecting C compiler ABI info - done
[0.182s] -- Check for working C compiler: /usr/bin/cc - skipped
[0.182s] -- Detecting C compile features
[0.183s] -- Detecting C compile features - done
[0.185s] -- Detecting CXX compiler ABI info
[0.248s] -- Detecting CXX compiler ABI info - done
[0.257s] -- Check for working CXX compiler: /usr/bin/c++ - skipped
[0.257s] -- Detecting CXX compile features
[0.258s] -- Detecting CXX compile features - done
[0.259s] -- Found ament_cmake: 1.3.11 (/opt/ros/humble/share/ament_cmake/cmake)
[0.389s] -- Found Python3: /usr/bin/python3 (found version "3.10.12") found components: Interpreter 
[0.479s] -- Found rclcpp: 16.0.11 (/opt/ros/humble/share/rclcpp/cmake)
[0.509s] -- Found rosidl_generator_c: 3.1.6 (/opt/ros/humble/share/rosidl_generator_c/cmake)
[0.513s] -- Found rosidl_adapter: 3.1.6 (/opt/ros/humble/share/rosidl_adapter/cmake)
[0.520s] -- Found rosidl_generator_cpp: 3.1.6 (/opt/ros/humble/share/rosidl_generator_cpp/cmake)
[0.529s] -- Using all available rosidl_typesupport_c: rosidl_typesupport_fastrtps_c;rosidl_typesupport_introspection_c
[0.542s] -- Using all available rosidl_typesupport_cpp: rosidl_typesupport_fastrtps_cpp;rosidl_typesupport_introspection_cpp
[0.585s] -- Found rmw_implementation_cmake: 6.1.2 (/opt/ros/humble/share/rmw_implementation_cmake/cmake)
[0.587s] -- Found rmw_fastrtps_cpp: 6.2.7 (/opt/ros/humble/share/rmw_fastrtps_cpp/cmake)
[0.649s] -- Found OpenSSL: /usr/lib/x86_64-linux-gnu/libcrypto.so (found version "3.0.2")  
[0.674s] -- Found FastRTPS: /opt/ros/humble/include  
[0.705s] -- Using RMW implementation 'rmw_fastrtps_cpp' as default
[0.711s] -- Looking for pthread.h
[0.771s] -- Looking for pthread.h - found
[0.771s] -- Performing Test CMAKE_HAVE_LIBC_PTHREAD
[0.830s] -- Performing Test CMAKE_HAVE_LIBC_PTHREAD - Success
[0.832s] -- Found Threads: TRUE  
[0.888s] -- Found sensor_msgs: 4.2.4 (/opt/ros/humble/share/sensor_msgs/cmake)
[0.981s] -- Configuring done
[0.993s] -- Generating done
[0.999s] -- Build files have been written to: /home/smx/unitree_ros2_250221/unitree_sdk2_ws/build/joystick_control
[1.007s] Invoked command in '/home/smx/unitree_ros2_250221/unitree_sdk2_ws/build/joystick_control' returned '0': CMAKE_PREFIX_PATH=/home/smx/unitree_ros2_250221/unitree_sdk2_ws/install/unitree_sdk2:/home/smx/unitree_ros2_250221/unitree_sdk2_ws/install/joystick_control:/home/smx/unitree_ros2_250221/unitree_sdk2_ws/install/fusion_estimator:/opt/ros/humble LD_LIBRARY_PATH=/home/smx/unitree_ros2_250221/unitree_sdk2_ws/install/unitree_sdk2/lib:/home/smx/unitree_ros2_250221/unitree_sdk2_ws/install/fusion_estimator/lib:/opt/ros/humble/opt/rviz_ogre_vendor/lib:/opt/ros/humble/lib/x86_64-linux-gnu:/opt/ros/humble/lib /usr/bin/cmake /home/smx/unitree_ros2_250221/unitree_sdk2_ws/joystick_control -DCMAKE_INSTALL_PREFIX=/home/smx/unitree_ros2_250221/unitree_sdk2_ws/install/joystick_control
[1.008s] Invoking command in '/home/smx/unitree_ros2_250221/unitree_sdk2_ws/build/joystick_control': CMAKE_PREFIX_PATH=/home/smx/unitree_ros2_250221/unitree_sdk2_ws/install/unitree_sdk2:/home/smx/unitree_ros2_250221/unitree_sdk2_ws/install/joystick_control:/home/smx/unitree_ros2_250221/unitree_sdk2_ws/install/fusion_estimator:/opt/ros/humble LD_LIBRARY_PATH=/home/smx/unitree_ros2_250221/unitree_sdk2_ws/install/unitree_sdk2/lib:/home/smx/unitree_ros2_250221/unitree_sdk2_ws/install/fusion_estimator/lib:/opt/ros/humble/opt/rviz_ogre_vendor/lib:/opt/ros/humble/lib/x86_64-linux-gnu:/opt/ros/humble/lib /usr/bin/cmake --build /home/smx/unitree_ros2_250221/unitree_sdk2_ws/build/joystick_control -- -j8 -l8
[1.046s] [ 50%] [32mBuilding CXX object CMakeFiles/joystick_control_node.dir/src/joystick_control_node.cpp.o[0m
[10.520s] [100%] [32m[1mLinking CXX executable joystick_control_node[0m
[11.393s] [100%] Built target joystick_control_node
[11.402s] Invoked command in '/home/smx/unitree_ros2_250221/unitree_sdk2_ws/build/joystick_control' returned '0': CMAKE_PREFIX_PATH=/home/smx/unitree_ros2_250221/unitree_sdk2_ws/install/unitree_sdk2:/home/smx/unitree_ros2_250221/unitree_sdk2_ws/install/joystick_control:/home/smx/unitree_ros2_250221/unitree_sdk2_ws/install/fusion_estimator:/opt/ros/humble LD_LIBRARY_PATH=/home/smx/unitree_ros2_250221/unitree_sdk2_ws/install/unitree_sdk2/lib:/home/smx/unitree_ros2_250221/unitree_sdk2_ws/install/fusion_estimator/lib:/opt/ros/humble/opt/rviz_ogre_vendor/lib:/opt/ros/humble/lib/x86_64-linux-gnu:/opt/ros/humble/lib /usr/bin/cmake --build /home/smx/unitree_ros2_250221/unitree_sdk2_ws/build/joystick_control -- -j8 -l8
[11.404s] Invoking command in '/home/smx/unitree_ros2_250221/unitree_sdk2_ws/build/joystick_control': CMAKE_PREFIX_PATH=/home/smx/unitree_ros2_250221/unitree_sdk2_ws/install/unitree_sdk2:/home/smx/unitree_ros2_250221/unitree_sdk2_ws/install/joystick_control:/home/smx/unitree_ros2_250221/unitree_sdk2_ws/install/fusion_estimator:/opt/ros/humble LD_LIBRARY_PATH=/home/smx/unitree_ros2_250221/unitree_sdk2_ws/install/unitree_sdk2/lib:/home/smx/unitree_ros2_250221/unitree_sdk2_ws/install/fusion_estimator/lib:/opt/ros/humble/opt/rviz_ogre_vendor/lib:/opt/ros/humble/lib/x86_64-linux-gnu:/opt/ros/humble/lib /usr/bin/cmake --install /home/smx/unitree_ros2_250221/unitree_sdk2_ws/build/joystick_control
[11.410s] -- Install configuration: ""
[11.410s] -- Installing: /home/smx/unitree_ros2_250221/unitree_sdk2_ws/install/joystick_control/lib/joystick_control/joystick_control_node
[11.414s] -- Set runtime path of "/home/smx/unitree_ros2_250221/unitree_sdk2_ws/install/joystick_control/lib/joystick_control/joystick_control_node" to ""
[11.414s] -- Installing: /home/smx/unitree_ros2_250221/unitree_sdk2_ws/install/joystick_control/share/joystick_control/launch
[11.415s] -- Installing: /home/smx/unitree_ros2_250221/unitree_sdk2_ws/install/joystick_control/share/joystick_control/launch/joystick_control_launch.py
[11.415s] -- Installing: /home/smx/unitree_ros2_250221/unitree_sdk2_ws/install/joystick_control/share/ament_index/resource_index/package_run_dependencies/joystick_control
[11.415s] -- Installing: /home/smx/unitree_ros2_250221/unitree_sdk2_ws/install/joystick_control/share/ament_index/resource_index/parent_prefix_path/joystick_control
[11.415s] -- Installing: /home/smx/unitree_ros2_250221/unitree_sdk2_ws/install/joystick_control/share/joystick_control/environment/ament_prefix_path.sh
[11.415s] -- Installing: /home/smx/unitree_ros2_250221/unitree_sdk2_ws/install/joystick_control/share/joystick_control/environment/ament_prefix_path.dsv
[11.415s] -- Installing: /home/smx/unitree_ros2_250221/unitree_sdk2_ws/install/joystick_control/share/joystick_control/environment/path.sh
[11.415s] -- Installing: /home/smx/unitree_ros2_250221/unitree_sdk2_ws/install/joystick_control/share/joystick_control/environment/path.dsv
[11.415s] -- Installing: /home/smx/unitree_ros2_250221/unitree_sdk2_ws/install/joystick_control/share/joystick_control/local_setup.bash
[11.415s] -- Installing: /home/smx/unitree_ros2_250221/unitree_sdk2_ws/install/joystick_control/share/joystick_control/local_setup.sh
[11.416s] -- Installing: /home/smx/unitree_ros2_250221/unitree_sdk2_ws/install/joystick_control/share/joystick_control/local_setup.zsh
[11.416s] -- Installing: /home/smx/unitree_ros2_250221/unitree_sdk2_ws/install/joystick_control/share/joystick_control/local_setup.dsv
[11.416s] -- Installing: /home/smx/unitree_ros2_250221/unitree_sdk2_ws/install/joystick_control/share/joystick_control/package.dsv
[11.416s] -- Installing: /home/smx/unitree_ros2_250221/unitree_sdk2_ws/install/joystick_control/share/ament_index/resource_index/packages/joystick_control
[11.416s] -- Installing: /home/smx/unitree_ros2_250221/unitree_sdk2_ws/install/joystick_control/share/joystick_control/cmake/joystick_controlConfig.cmake
[11.416s] -- Installing: /home/smx/unitree_ros2_250221/unitree_sdk2_ws/install/joystick_control/share/joystick_control/cmake/joystick_controlConfig-version.cmake
[11.416s] -- Installing: /home/smx/unitree_ros2_250221/unitree_sdk2_ws/install/joystick_control/share/joystick_control/package.xml
[11.418s] Invoked command in '/home/smx/unitree_ros2_250221/unitree_sdk2_ws/build/joystick_control' returned '0': CMAKE_PREFIX_PATH=/home/smx/unitree_ros2_250221/unitree_sdk2_ws/install/unitree_sdk2:/home/smx/unitree_ros2_250221/unitree_sdk2_ws/install/joystick_control:/home/smx/unitree_ros2_250221/unitree_sdk2_ws/install/fusion_estimator:/opt/ros/humble LD_LIBRARY_PATH=/home/smx/unitree_ros2_250221/unitree_sdk2_ws/install/unitree_sdk2/lib:/home/smx/unitree_ros2_250221/unitree_sdk2_ws/install/fusion_estimator/lib:/opt/ros/humble/opt/rviz_ogre_vendor/lib:/opt/ros/humble/lib/x86_64-linux-gnu:/opt/ros/humble/lib /usr/bin/cmake --install /home/smx/unitree_ros2_250221/unitree_sdk2_ws/build/joystick_control
