[0.012s] Invoking command in '/home/smx/unitree_ros2_250221/unitree_sdk2_ws/build/fusion_estimator': CMAKE_PREFIX_PATH=/home/smx/unitree_ros2_250221/unitree_sdk2_ws/install/unitree_sdk2:/home/smx/unitree_ros2_250221/unitree_sdk2_ws/install/joystick_control:/home/smx/unitree_ros2_250221/unitree_sdk2_ws/install/fusion_estimator:/opt/ros/humble LD_LIBRARY_PATH=/home/smx/unitree_ros2_250221/unitree_sdk2_ws/install/unitree_sdk2/lib:/home/smx/unitree_ros2_250221/unitree_sdk2_ws/install/fusion_estimator/lib:/opt/ros/humble/opt/rviz_ogre_vendor/lib:/opt/ros/humble/lib/x86_64-linux-gnu:/opt/ros/humble/lib /usr/bin/cmake --build /home/smx/unitree_ros2_250221/unitree_sdk2_ws/build/fusion_estimator -- -j8 -l8
[0.063s] [  3%] Built target fusion_estimator__cpp
[0.069s] [ 12%] Built target fusion_estimator__rosidl_generator_c
[0.081s] [ 12%] Built target ament_cmake_python_copy_fusion_estimator
[0.104s] [ 21%] Built target fusion_estimator__rosidl_typesupport_fastrtps_cpp
[0.104s] [ 30%] Built target fusion_estimator__rosidl_typesupport_introspection_cpp
[0.106s] [ 39%] Built target fusion_estimator__rosidl_typesupport_c
[0.106s] [ 48%] Built target fusion_estimator__rosidl_typesupport_cpp
[0.106s] [ 57%] Built target fusion_estimator__rosidl_typesupport_introspection_c
[0.113s] [ 66%] Built target fusion_estimator__rosidl_typesupport_fastrtps_c
[0.140s] [ 66%] Built target fusion_estimator
[0.144s] [ 72%] Built target fusion_estimator_node
[0.158s] [ 75%] Built target fusion_estimator__py
[0.178s] [ 81%] Built target fusion_estimator__rosidl_generator_py
[0.204s] [ 87%] Built target fusion_estimator__rosidl_typesupport_introspection_c__pyext
[0.204s] [ 93%] Built target fusion_estimator__rosidl_typesupport_c__pyext
[0.206s] [100%] Built target fusion_estimator__rosidl_typesupport_fastrtps_c__pyext
[0.345s] running egg_info
[0.346s] writing fusion_estimator.egg-info/PKG-INFO
[0.346s] writing dependency_links to fusion_estimator.egg-info/dependency_links.txt
[0.346s] writing top-level names to fusion_estimator.egg-info/top_level.txt
[0.348s] reading manifest file 'fusion_estimator.egg-info/SOURCES.txt'
[0.349s] writing manifest file 'fusion_estimator.egg-info/SOURCES.txt'
[0.371s] [100%] Built target ament_cmake_python_build_fusion_estimator_egg
[0.380s] Invoked command in '/home/smx/unitree_ros2_250221/unitree_sdk2_ws/build/fusion_estimator' returned '0': CMAKE_PREFIX_PATH=/home/smx/unitree_ros2_250221/unitree_sdk2_ws/install/unitree_sdk2:/home/smx/unitree_ros2_250221/unitree_sdk2_ws/install/joystick_control:/home/smx/unitree_ros2_250221/unitree_sdk2_ws/install/fusion_estimator:/opt/ros/humble LD_LIBRARY_PATH=/home/smx/unitree_ros2_250221/unitree_sdk2_ws/install/unitree_sdk2/lib:/home/smx/unitree_ros2_250221/unitree_sdk2_ws/install/fusion_estimator/lib:/opt/ros/humble/opt/rviz_ogre_vendor/lib:/opt/ros/humble/lib/x86_64-linux-gnu:/opt/ros/humble/lib /usr/bin/cmake --build /home/smx/unitree_ros2_250221/unitree_sdk2_ws/build/fusion_estimator -- -j8 -l8
[0.382s] Invoking command in '/home/smx/unitree_ros2_250221/unitree_sdk2_ws/build/fusion_estimator': CMAKE_PREFIX_PATH=/home/smx/unitree_ros2_250221/unitree_sdk2_ws/install/unitree_sdk2:/home/smx/unitree_ros2_250221/unitree_sdk2_ws/install/joystick_control:/home/smx/unitree_ros2_250221/unitree_sdk2_ws/install/fusion_estimator:/opt/ros/humble LD_LIBRARY_PATH=/home/smx/unitree_ros2_250221/unitree_sdk2_ws/install/unitree_sdk2/lib:/home/smx/unitree_ros2_250221/unitree_sdk2_ws/install/fusion_estimator/lib:/opt/ros/humble/opt/rviz_ogre_vendor/lib:/opt/ros/humble/lib/x86_64-linux-gnu:/opt/ros/humble/lib /usr/bin/cmake --install /home/smx/unitree_ros2_250221/unitree_sdk2_ws/build/fusion_estimator
[0.388s] -- Install configuration: ""
[0.388s] -- Up-to-date: /home/smx/unitree_ros2_250221/unitree_sdk2_ws/install/fusion_estimator/share/ament_index/resource_index/rosidl_interfaces/fusion_estimator
[0.388s] -- Up-to-date: /home/smx/unitree_ros2_250221/unitree_sdk2_ws/install/fusion_estimator/include/fusion_estimator/fusion_estimator
[0.388s] -- Up-to-date: /home/smx/unitree_ros2_250221/unitree_sdk2_ws/install/fusion_estimator/include/fusion_estimator/fusion_estimator/msg
[0.388s] -- Up-to-date: /home/smx/unitree_ros2_250221/unitree_sdk2_ws/install/fusion_estimator/include/fusion_estimator/fusion_estimator/msg/fusion_estimator_test.h
[0.388s] -- Up-to-date: /home/smx/unitree_ros2_250221/unitree_sdk2_ws/install/fusion_estimator/include/fusion_estimator/fusion_estimator/msg/detail
[0.388s] -- Up-to-date: /home/smx/unitree_ros2_250221/unitree_sdk2_ws/install/fusion_estimator/include/fusion_estimator/fusion_estimator/msg/detail/fusion_estimator_test__type_support.h
[0.388s] -- Up-to-date: /home/smx/unitree_ros2_250221/unitree_sdk2_ws/install/fusion_estimator/include/fusion_estimator/fusion_estimator/msg/detail/fusion_estimator_test__struct.h
[0.389s] -- Up-to-date: /home/smx/unitree_ros2_250221/unitree_sdk2_ws/install/fusion_estimator/include/fusion_estimator/fusion_estimator/msg/detail/fusion_estimator_test__functions.h
[0.389s] -- Up-to-date: /home/smx/unitree_ros2_250221/unitree_sdk2_ws/install/fusion_estimator/include/fusion_estimator/fusion_estimator/msg/detail/fusion_estimator_test__functions.c
[0.389s] -- Up-to-date: /home/smx/unitree_ros2_250221/unitree_sdk2_ws/install/fusion_estimator/include/fusion_estimator/fusion_estimator/msg/rosidl_generator_c__visibility_control.h
[0.389s] -- Up-to-date: /home/smx/unitree_ros2_250221/unitree_sdk2_ws/install/fusion_estimator/share/fusion_estimator/environment/library_path.sh
[0.389s] -- Up-to-date: /home/smx/unitree_ros2_250221/unitree_sdk2_ws/install/fusion_estimator/share/fusion_estimator/environment/library_path.dsv
[0.389s] -- Up-to-date: /home/smx/unitree_ros2_250221/unitree_sdk2_ws/install/fusion_estimator/lib/libfusion_estimator__rosidl_generator_c.so
[0.389s] -- Up-to-date: /home/smx/unitree_ros2_250221/unitree_sdk2_ws/install/fusion_estimator/include/fusion_estimator/fusion_estimator
[0.389s] -- Up-to-date: /home/smx/unitree_ros2_250221/unitree_sdk2_ws/install/fusion_estimator/include/fusion_estimator/fusion_estimator/msg
[0.389s] -- Up-to-date: /home/smx/unitree_ros2_250221/unitree_sdk2_ws/install/fusion_estimator/include/fusion_estimator/fusion_estimator/msg/detail
[0.389s] -- Up-to-date: /home/smx/unitree_ros2_250221/unitree_sdk2_ws/install/fusion_estimator/include/fusion_estimator/fusion_estimator/msg/detail/fusion_estimator_test__rosidl_typesupport_fastrtps_c.h
[0.389s] -- Up-to-date: /home/smx/unitree_ros2_250221/unitree_sdk2_ws/install/fusion_estimator/include/fusion_estimator/fusion_estimator/msg/rosidl_typesupport_fastrtps_c__visibility_control.h
[0.389s] -- Up-to-date: /home/smx/unitree_ros2_250221/unitree_sdk2_ws/install/fusion_estimator/lib/libfusion_estimator__rosidl_typesupport_fastrtps_c.so
[0.389s] -- Up-to-date: /home/smx/unitree_ros2_250221/unitree_sdk2_ws/install/fusion_estimator/include/fusion_estimator/fusion_estimator
[0.390s] -- Up-to-date: /home/smx/unitree_ros2_250221/unitree_sdk2_ws/install/fusion_estimator/include/fusion_estimator/fusion_estimator/msg
[0.390s] -- Up-to-date: /home/smx/unitree_ros2_250221/unitree_sdk2_ws/install/fusion_estimator/include/fusion_estimator/fusion_estimator/msg/rosidl_generator_cpp__visibility_control.hpp
[0.390s] -- Up-to-date: /home/smx/unitree_ros2_250221/unitree_sdk2_ws/install/fusion_estimator/include/fusion_estimator/fusion_estimator/msg/detail
[0.390s] -- Up-to-date: /home/smx/unitree_ros2_250221/unitree_sdk2_ws/install/fusion_estimator/include/fusion_estimator/fusion_estimator/msg/detail/fusion_estimator_test__struct.hpp
[0.390s] -- Up-to-date: /home/smx/unitree_ros2_250221/unitree_sdk2_ws/install/fusion_estimator/include/fusion_estimator/fusion_estimator/msg/detail/fusion_estimator_test__builder.hpp
[0.390s] -- Up-to-date: /home/smx/unitree_ros2_250221/unitree_sdk2_ws/install/fusion_estimator/include/fusion_estimator/fusion_estimator/msg/detail/fusion_estimator_test__type_support.hpp
[0.390s] -- Up-to-date: /home/smx/unitree_ros2_250221/unitree_sdk2_ws/install/fusion_estimator/include/fusion_estimator/fusion_estimator/msg/detail/fusion_estimator_test__traits.hpp
[0.390s] -- Up-to-date: /home/smx/unitree_ros2_250221/unitree_sdk2_ws/install/fusion_estimator/include/fusion_estimator/fusion_estimator/msg/fusion_estimator_test.hpp
[0.390s] -- Up-to-date: /home/smx/unitree_ros2_250221/unitree_sdk2_ws/install/fusion_estimator/include/fusion_estimator/fusion_estimator
[0.390s] -- Up-to-date: /home/smx/unitree_ros2_250221/unitree_sdk2_ws/install/fusion_estimator/include/fusion_estimator/fusion_estimator/msg
[0.390s] -- Up-to-date: /home/smx/unitree_ros2_250221/unitree_sdk2_ws/install/fusion_estimator/include/fusion_estimator/fusion_estimator/msg/rosidl_typesupport_fastrtps_cpp__visibility_control.h
[0.390s] -- Up-to-date: /home/smx/unitree_ros2_250221/unitree_sdk2_ws/install/fusion_estimator/include/fusion_estimator/fusion_estimator/msg/detail
[0.390s] -- Up-to-date: /home/smx/unitree_ros2_250221/unitree_sdk2_ws/install/fusion_estimator/include/fusion_estimator/fusion_estimator/msg/detail/fusion_estimator_test__rosidl_typesupport_fastrtps_cpp.hpp
[0.390s] -- Up-to-date: /home/smx/unitree_ros2_250221/unitree_sdk2_ws/install/fusion_estimator/include/fusion_estimator/fusion_estimator/msg/detail/dds_fastrtps
[0.391s] -- Up-to-date: /home/smx/unitree_ros2_250221/unitree_sdk2_ws/install/fusion_estimator/lib/libfusion_estimator__rosidl_typesupport_fastrtps_cpp.so
[0.391s] -- Up-to-date: /home/smx/unitree_ros2_250221/unitree_sdk2_ws/install/fusion_estimator/include/fusion_estimator/fusion_estimator
[0.391s] -- Up-to-date: /home/smx/unitree_ros2_250221/unitree_sdk2_ws/install/fusion_estimator/include/fusion_estimator/fusion_estimator/msg
[0.391s] -- Up-to-date: /home/smx/unitree_ros2_250221/unitree_sdk2_ws/install/fusion_estimator/include/fusion_estimator/fusion_estimator/msg/rosidl_typesupport_introspection_c__visibility_control.h
[0.391s] -- Up-to-date: /home/smx/unitree_ros2_250221/unitree_sdk2_ws/install/fusion_estimator/include/fusion_estimator/fusion_estimator/msg/detail
[0.391s] -- Up-to-date: /home/smx/unitree_ros2_250221/unitree_sdk2_ws/install/fusion_estimator/include/fusion_estimator/fusion_estimator/msg/detail/fusion_estimator_test__rosidl_typesupport_introspection_c.h
[0.391s] -- Up-to-date: /home/smx/unitree_ros2_250221/unitree_sdk2_ws/install/fusion_estimator/include/fusion_estimator/fusion_estimator/msg/detail/fusion_estimator_test__type_support.c
[0.391s] -- Up-to-date: /home/smx/unitree_ros2_250221/unitree_sdk2_ws/install/fusion_estimator/lib/libfusion_estimator__rosidl_typesupport_introspection_c.so
[0.391s] -- Up-to-date: /home/smx/unitree_ros2_250221/unitree_sdk2_ws/install/fusion_estimator/lib/libfusion_estimator__rosidl_typesupport_c.so
[0.391s] -- Up-to-date: /home/smx/unitree_ros2_250221/unitree_sdk2_ws/install/fusion_estimator/include/fusion_estimator/fusion_estimator
[0.391s] -- Up-to-date: /home/smx/unitree_ros2_250221/unitree_sdk2_ws/install/fusion_estimator/include/fusion_estimator/fusion_estimator/msg
[0.391s] -- Up-to-date: /home/smx/unitree_ros2_250221/unitree_sdk2_ws/install/fusion_estimator/include/fusion_estimator/fusion_estimator/msg/detail
[0.391s] -- Up-to-date: /home/smx/unitree_ros2_250221/unitree_sdk2_ws/install/fusion_estimator/include/fusion_estimator/fusion_estimator/msg/detail/fusion_estimator_test__type_support.cpp
[0.391s] -- Up-to-date: /home/smx/unitree_ros2_250221/unitree_sdk2_ws/install/fusion_estimator/include/fusion_estimator/fusion_estimator/msg/detail/fusion_estimator_test__rosidl_typesupport_introspection_cpp.hpp
[0.392s] -- Up-to-date: /home/smx/unitree_ros2_250221/unitree_sdk2_ws/install/fusion_estimator/lib/libfusion_estimator__rosidl_typesupport_introspection_cpp.so
[0.392s] -- Up-to-date: /home/smx/unitree_ros2_250221/unitree_sdk2_ws/install/fusion_estimator/lib/libfusion_estimator__rosidl_typesupport_cpp.so
[0.392s] -- Up-to-date: /home/smx/unitree_ros2_250221/unitree_sdk2_ws/install/fusion_estimator/share/fusion_estimator/environment/pythonpath.sh
[0.392s] -- Up-to-date: /home/smx/unitree_ros2_250221/unitree_sdk2_ws/install/fusion_estimator/share/fusion_estimator/environment/pythonpath.dsv
[0.392s] -- Up-to-date: /home/smx/unitree_ros2_250221/unitree_sdk2_ws/install/fusion_estimator/local/lib/python3.10/dist-packages/fusion_estimator-0.0.0-py3.10.egg-info
[0.392s] -- Installing: /home/smx/unitree_ros2_250221/unitree_sdk2_ws/install/fusion_estimator/local/lib/python3.10/dist-packages/fusion_estimator-0.0.0-py3.10.egg-info/PKG-INFO
[0.392s] -- Installing: /home/smx/unitree_ros2_250221/unitree_sdk2_ws/install/fusion_estimator/local/lib/python3.10/dist-packages/fusion_estimator-0.0.0-py3.10.egg-info/dependency_links.txt
[0.392s] -- Installing: /home/smx/unitree_ros2_250221/unitree_sdk2_ws/install/fusion_estimator/local/lib/python3.10/dist-packages/fusion_estimator-0.0.0-py3.10.egg-info/top_level.txt
[0.392s] -- Installing: /home/smx/unitree_ros2_250221/unitree_sdk2_ws/install/fusion_estimator/local/lib/python3.10/dist-packages/fusion_estimator-0.0.0-py3.10.egg-info/SOURCES.txt
[0.392s] -- Up-to-date: /home/smx/unitree_ros2_250221/unitree_sdk2_ws/install/fusion_estimator/local/lib/python3.10/dist-packages/fusion_estimator
[0.392s] -- Up-to-date: /home/smx/unitree_ros2_250221/unitree_sdk2_ws/install/fusion_estimator/local/lib/python3.10/dist-packages/fusion_estimator/_fusion_estimator_s.ep.rosidl_typesupport_c.c
[0.392s] -- Up-to-date: /home/smx/unitree_ros2_250221/unitree_sdk2_ws/install/fusion_estimator/local/lib/python3.10/dist-packages/fusion_estimator/fusion_estimator_s__rosidl_typesupport_c.cpython-310-x86_64-linux-gnu.so
[0.392s] -- Up-to-date: /home/smx/unitree_ros2_250221/unitree_sdk2_ws/install/fusion_estimator/local/lib/python3.10/dist-packages/fusion_estimator/__init__.py
[0.393s] -- Up-to-date: /home/smx/unitree_ros2_250221/unitree_sdk2_ws/install/fusion_estimator/local/lib/python3.10/dist-packages/fusion_estimator/msg
[0.393s] -- Up-to-date: /home/smx/unitree_ros2_250221/unitree_sdk2_ws/install/fusion_estimator/local/lib/python3.10/dist-packages/fusion_estimator/msg/__init__.py
[0.393s] -- Up-to-date: /home/smx/unitree_ros2_250221/unitree_sdk2_ws/install/fusion_estimator/local/lib/python3.10/dist-packages/fusion_estimator/msg/_fusion_estimator_test.py
[0.393s] -- Up-to-date: /home/smx/unitree_ros2_250221/unitree_sdk2_ws/install/fusion_estimator/local/lib/python3.10/dist-packages/fusion_estimator/msg/_fusion_estimator_test_s.c
[0.393s] -- Up-to-date: /home/smx/unitree_ros2_250221/unitree_sdk2_ws/install/fusion_estimator/local/lib/python3.10/dist-packages/fusion_estimator/_fusion_estimator_s.ep.rosidl_typesupport_fastrtps_c.c
[0.393s] -- Up-to-date: /home/smx/unitree_ros2_250221/unitree_sdk2_ws/install/fusion_estimator/local/lib/python3.10/dist-packages/fusion_estimator/fusion_estimator_s__rosidl_typesupport_introspection_c.cpython-310-x86_64-linux-gnu.so
[0.393s] -- Up-to-date: /home/smx/unitree_ros2_250221/unitree_sdk2_ws/install/fusion_estimator/local/lib/python3.10/dist-packages/fusion_estimator/_fusion_estimator_s.ep.rosidl_typesupport_introspection_c.c
[0.393s] -- Up-to-date: /home/smx/unitree_ros2_250221/unitree_sdk2_ws/install/fusion_estimator/local/lib/python3.10/dist-packages/fusion_estimator/libfusion_estimator__rosidl_generator_py.so
[0.393s] -- Up-to-date: /home/smx/unitree_ros2_250221/unitree_sdk2_ws/install/fusion_estimator/local/lib/python3.10/dist-packages/fusion_estimator/fusion_estimator_s__rosidl_typesupport_fastrtps_c.cpython-310-x86_64-linux-gnu.so
[0.421s] Listing '/home/smx/unitree_ros2_250221/unitree_sdk2_ws/install/fusion_estimator/local/lib/python3.10/dist-packages/fusion_estimator'...
[0.421s] Listing '/home/smx/unitree_ros2_250221/unitree_sdk2_ws/install/fusion_estimator/local/lib/python3.10/dist-packages/fusion_estimator/msg'...
[0.425s] -- Up-to-date: /home/smx/unitree_ros2_250221/unitree_sdk2_ws/install/fusion_estimator/local/lib/python3.10/dist-packages/fusion_estimator/fusion_estimator_s__rosidl_typesupport_fastrtps_c.cpython-310-x86_64-linux-gnu.so
[0.425s] -- Up-to-date: /home/smx/unitree_ros2_250221/unitree_sdk2_ws/install/fusion_estimator/local/lib/python3.10/dist-packages/fusion_estimator/fusion_estimator_s__rosidl_typesupport_introspection_c.cpython-310-x86_64-linux-gnu.so
[0.425s] -- Up-to-date: /home/smx/unitree_ros2_250221/unitree_sdk2_ws/install/fusion_estimator/local/lib/python3.10/dist-packages/fusion_estimator/fusion_estimator_s__rosidl_typesupport_c.cpython-310-x86_64-linux-gnu.so
[0.426s] -- Up-to-date: /home/smx/unitree_ros2_250221/unitree_sdk2_ws/install/fusion_estimator/lib/libfusion_estimator__rosidl_generator_py.so
[0.426s] -- Up-to-date: /home/smx/unitree_ros2_250221/unitree_sdk2_ws/install/fusion_estimator/share/fusion_estimator/msg/FusionEstimatorTest.idl
[0.426s] -- Up-to-date: /home/smx/unitree_ros2_250221/unitree_sdk2_ws/install/fusion_estimator/share/fusion_estimator/msg/FusionEstimatorTest.msg
[0.426s] -- Up-to-date: /home/smx/unitree_ros2_250221/unitree_sdk2_ws/install/fusion_estimator/lib/fusion_estimator/fusion_estimator_node
[0.426s] -- Up-to-date: /home/smx/unitree_ros2_250221/unitree_sdk2_ws/install/fusion_estimator/share/ament_index/resource_index/package_run_dependencies/fusion_estimator
[0.426s] -- Up-to-date: /home/smx/unitree_ros2_250221/unitree_sdk2_ws/install/fusion_estimator/share/ament_index/resource_index/parent_prefix_path/fusion_estimator
[0.426s] -- Up-to-date: /home/smx/unitree_ros2_250221/unitree_sdk2_ws/install/fusion_estimator/share/fusion_estimator/environment/ament_prefix_path.sh
[0.427s] -- Up-to-date: /home/smx/unitree_ros2_250221/unitree_sdk2_ws/install/fusion_estimator/share/fusion_estimator/environment/ament_prefix_path.dsv
[0.427s] -- Up-to-date: /home/smx/unitree_ros2_250221/unitree_sdk2_ws/install/fusion_estimator/share/fusion_estimator/environment/path.sh
[0.427s] -- Up-to-date: /home/smx/unitree_ros2_250221/unitree_sdk2_ws/install/fusion_estimator/share/fusion_estimator/environment/path.dsv
[0.427s] -- Up-to-date: /home/smx/unitree_ros2_250221/unitree_sdk2_ws/install/fusion_estimator/share/fusion_estimator/local_setup.bash
[0.427s] -- Up-to-date: /home/smx/unitree_ros2_250221/unitree_sdk2_ws/install/fusion_estimator/share/fusion_estimator/local_setup.sh
[0.427s] -- Up-to-date: /home/smx/unitree_ros2_250221/unitree_sdk2_ws/install/fusion_estimator/share/fusion_estimator/local_setup.zsh
[0.427s] -- Up-to-date: /home/smx/unitree_ros2_250221/unitree_sdk2_ws/install/fusion_estimator/share/fusion_estimator/local_setup.dsv
[0.427s] -- Installing: /home/smx/unitree_ros2_250221/unitree_sdk2_ws/install/fusion_estimator/share/fusion_estimator/package.dsv
[0.427s] -- Up-to-date: /home/smx/unitree_ros2_250221/unitree_sdk2_ws/install/fusion_estimator/share/ament_index/resource_index/packages/fusion_estimator
[0.427s] -- Up-to-date: /home/smx/unitree_ros2_250221/unitree_sdk2_ws/install/fusion_estimator/share/fusion_estimator/cmake/export_fusion_estimator__rosidl_generator_cExport.cmake
[0.427s] -- Up-to-date: /home/smx/unitree_ros2_250221/unitree_sdk2_ws/install/fusion_estimator/share/fusion_estimator/cmake/export_fusion_estimator__rosidl_generator_cExport-noconfig.cmake
[0.427s] -- Up-to-date: /home/smx/unitree_ros2_250221/unitree_sdk2_ws/install/fusion_estimator/share/fusion_estimator/cmake/export_fusion_estimator__rosidl_typesupport_fastrtps_cExport.cmake
[0.427s] -- Up-to-date: /home/smx/unitree_ros2_250221/unitree_sdk2_ws/install/fusion_estimator/share/fusion_estimator/cmake/export_fusion_estimator__rosidl_typesupport_fastrtps_cExport-noconfig.cmake
[0.428s] -- Up-to-date: /home/smx/unitree_ros2_250221/unitree_sdk2_ws/install/fusion_estimator/share/fusion_estimator/cmake/export_fusion_estimator__rosidl_generator_cppExport.cmake
[0.428s] -- Up-to-date: /home/smx/unitree_ros2_250221/unitree_sdk2_ws/install/fusion_estimator/share/fusion_estimator/cmake/export_fusion_estimator__rosidl_typesupport_fastrtps_cppExport.cmake
[0.428s] -- Up-to-date: /home/smx/unitree_ros2_250221/unitree_sdk2_ws/install/fusion_estimator/share/fusion_estimator/cmake/export_fusion_estimator__rosidl_typesupport_fastrtps_cppExport-noconfig.cmake
[0.428s] -- Up-to-date: /home/smx/unitree_ros2_250221/unitree_sdk2_ws/install/fusion_estimator/share/fusion_estimator/cmake/fusion_estimator__rosidl_typesupport_introspection_cExport.cmake
[0.428s] -- Up-to-date: /home/smx/unitree_ros2_250221/unitree_sdk2_ws/install/fusion_estimator/share/fusion_estimator/cmake/fusion_estimator__rosidl_typesupport_introspection_cExport-noconfig.cmake
[0.428s] -- Up-to-date: /home/smx/unitree_ros2_250221/unitree_sdk2_ws/install/fusion_estimator/share/fusion_estimator/cmake/fusion_estimator__rosidl_typesupport_cExport.cmake
[0.428s] -- Up-to-date: /home/smx/unitree_ros2_250221/unitree_sdk2_ws/install/fusion_estimator/share/fusion_estimator/cmake/fusion_estimator__rosidl_typesupport_cExport-noconfig.cmake
[0.428s] -- Up-to-date: /home/smx/unitree_ros2_250221/unitree_sdk2_ws/install/fusion_estimator/share/fusion_estimator/cmake/fusion_estimator__rosidl_typesupport_introspection_cppExport.cmake
[0.428s] -- Up-to-date: /home/smx/unitree_ros2_250221/unitree_sdk2_ws/install/fusion_estimator/share/fusion_estimator/cmake/fusion_estimator__rosidl_typesupport_introspection_cppExport-noconfig.cmake
[0.428s] -- Up-to-date: /home/smx/unitree_ros2_250221/unitree_sdk2_ws/install/fusion_estimator/share/fusion_estimator/cmake/fusion_estimator__rosidl_typesupport_cppExport.cmake
[0.429s] -- Up-to-date: /home/smx/unitree_ros2_250221/unitree_sdk2_ws/install/fusion_estimator/share/fusion_estimator/cmake/fusion_estimator__rosidl_typesupport_cppExport-noconfig.cmake
[0.429s] -- Up-to-date: /home/smx/unitree_ros2_250221/unitree_sdk2_ws/install/fusion_estimator/share/fusion_estimator/cmake/export_fusion_estimator__rosidl_generator_pyExport.cmake
[0.429s] -- Up-to-date: /home/smx/unitree_ros2_250221/unitree_sdk2_ws/install/fusion_estimator/share/fusion_estimator/cmake/export_fusion_estimator__rosidl_generator_pyExport-noconfig.cmake
[0.429s] -- Up-to-date: /home/smx/unitree_ros2_250221/unitree_sdk2_ws/install/fusion_estimator/share/fusion_estimator/cmake/rosidl_cmake-extras.cmake
[0.429s] -- Up-to-date: /home/smx/unitree_ros2_250221/unitree_sdk2_ws/install/fusion_estimator/share/fusion_estimator/cmake/ament_cmake_export_dependencies-extras.cmake
[0.429s] -- Up-to-date: /home/smx/unitree_ros2_250221/unitree_sdk2_ws/install/fusion_estimator/share/fusion_estimator/cmake/ament_cmake_export_include_directories-extras.cmake
[0.429s] -- Up-to-date: /home/smx/unitree_ros2_250221/unitree_sdk2_ws/install/fusion_estimator/share/fusion_estimator/cmake/ament_cmake_export_libraries-extras.cmake
[0.429s] -- Up-to-date: /home/smx/unitree_ros2_250221/unitree_sdk2_ws/install/fusion_estimator/share/fusion_estimator/cmake/ament_cmake_export_targets-extras.cmake
[0.429s] -- Up-to-date: /home/smx/unitree_ros2_250221/unitree_sdk2_ws/install/fusion_estimator/share/fusion_estimator/cmake/rosidl_cmake_export_typesupport_targets-extras.cmake
[0.429s] -- Up-to-date: /home/smx/unitree_ros2_250221/unitree_sdk2_ws/install/fusion_estimator/share/fusion_estimator/cmake/rosidl_cmake_export_typesupport_libraries-extras.cmake
[0.429s] -- Up-to-date: /home/smx/unitree_ros2_250221/unitree_sdk2_ws/install/fusion_estimator/share/fusion_estimator/cmake/fusion_estimatorConfig.cmake
[0.429s] -- Up-to-date: /home/smx/unitree_ros2_250221/unitree_sdk2_ws/install/fusion_estimator/share/fusion_estimator/cmake/fusion_estimatorConfig-version.cmake
[0.429s] -- Up-to-date: /home/smx/unitree_ros2_250221/unitree_sdk2_ws/install/fusion_estimator/share/fusion_estimator/package.xml
[0.431s] Invoked command in '/home/smx/unitree_ros2_250221/unitree_sdk2_ws/build/fusion_estimator' returned '0': CMAKE_PREFIX_PATH=/home/smx/unitree_ros2_250221/unitree_sdk2_ws/install/unitree_sdk2:/home/smx/unitree_ros2_250221/unitree_sdk2_ws/install/joystick_control:/home/smx/unitree_ros2_250221/unitree_sdk2_ws/install/fusion_estimator:/opt/ros/humble LD_LIBRARY_PATH=/home/smx/unitree_ros2_250221/unitree_sdk2_ws/install/unitree_sdk2/lib:/home/smx/unitree_ros2_250221/unitree_sdk2_ws/install/fusion_estimator/lib:/opt/ros/humble/opt/rviz_ogre_vendor/lib:/opt/ros/humble/lib/x86_64-linux-gnu:/opt/ros/humble/lib /usr/bin/cmake --install /home/smx/unitree_ros2_250221/unitree_sdk2_ws/build/fusion_estimator
